0 info it worked if it ends with ok
1 verbose cli [ '/usr/bin/node', '/usr/bin/npm', 'install', 'pm2@latest', '-g' ]
2 info using npm@3.5.2
3 info using node@v8.10.0
4 silly loadCurrentTree Starting
5 silly install loadCurrentTree
6 silly install readGlobalPackageData
7 silly fetchPackageMetaData pm2@latest
8 silly fetchNamedPackageData pm2
9 silly mapToRegistry name pm2
10 silly mapToRegistry using default registry
11 silly mapToRegistry registry https://registry.npmjs.org/
12 silly mapToRegistry uri https://registry.npmjs.org/pm2
13 verbose request uri https://registry.npmjs.org/pm2
14 verbose request no auth needed
15 info attempt registry request try #1 at 6:08:57 AM
16 verbose request id 567de66b45533f55
17 verbose etag W/"4a264ea34f23b1e15abd8a6650284468"
18 verbose lastModified Mon, 25 Jul 2022 16:11:03 GMT
19 http request GET https://registry.npmjs.org/pm2
20 http 304 https://registry.npmjs.org/pm2
21 verbose headers { date: 'Wed, 31 Aug 2022 06:08:57 GMT',
21 verbose headers   connection: 'keep-alive',
21 verbose headers   'cf-ray': '74339837585f9f68-SIN',
21 verbose headers   'cache-control': 'public, max-age=300',
21 verbose headers   etag: '"4a264ea34f23b1e15abd8a6650284468"',
21 verbose headers   'last-modified': 'Mon, 25 Jul 2022 16:11:03 GMT',
21 verbose headers   vary: 'Accept-Encoding',
21 verbose headers   'cf-cache-status': 'REVALIDATED',
21 verbose headers   'expect-ct': 'max-age=604800, report-uri="https://report-uri.cloudflare.com/cdn-cgi/beacon/expect-ct"',
21 verbose headers   'x-amz-replication-status': 'COMPLETED',
21 verbose headers   server: 'cloudflare' }
22 silly get cb [ 304,
22 silly get   { date: 'Wed, 31 Aug 2022 06:08:57 GMT',
22 silly get     connection: 'keep-alive',
22 silly get     'cf-ray': '74339837585f9f68-SIN',
22 silly get     'cache-control': 'public, max-age=300',
22 silly get     etag: '"4a264ea34f23b1e15abd8a6650284468"',
22 silly get     'last-modified': 'Mon, 25 Jul 2022 16:11:03 GMT',
22 silly get     vary: 'Accept-Encoding',
22 silly get     'cf-cache-status': 'REVALIDATED',
22 silly get     'expect-ct': 'max-age=604800, report-uri="https://report-uri.cloudflare.com/cdn-cgi/beacon/expect-ct"',
22 silly get     'x-amz-replication-status': 'COMPLETED',
22 silly get     server: 'cloudflare' } ]
23 verbose etag https://registry.npmjs.org/pm2 from cache
24 verbose get saving pm2 to /root/.npm/registry.npmjs.org/pm2/.cache.json
25 silly install normalizeTree
26 silly loadCurrentTree Finishing
27 silly loadIdealTree Starting
28 silly install loadIdealTree
29 silly cloneCurrentTree Starting
30 silly install cloneCurrentTreeToIdealTree
31 silly cloneCurrentTree Finishing
32 silly loadShrinkwrap Starting
33 silly install loadShrinkwrap
34 silly loadShrinkwrap Finishing
35 silly loadAllDepsIntoIdealTree Starting
36 silly install loadAllDepsIntoIdealTree
37 silly resolveWithNewModule pm2@5.2.0 checking installable status
38 silly cache add args [ 'pm2@latest', null ]
39 verbose cache add spec pm2@latest
40 silly cache add parsed spec Result {
40 silly cache add   raw: 'pm2@latest',
40 silly cache add   scope: null,
40 silly cache add   name: 'pm2',
40 silly cache add   rawSpec: 'latest',
40 silly cache add   spec: 'latest',
40 silly cache add   type: 'tag' }
41 silly addNamed pm2@latest
42 verbose addNamed "latest" is being treated as a dist-tag for pm2
43 info addNameTag [ 'pm2', 'latest' ]
44 silly mapToRegistry name pm2
45 silly mapToRegistry using default registry
46 silly mapToRegistry registry https://registry.npmjs.org/
47 silly mapToRegistry uri https://registry.npmjs.org/pm2
48 verbose addNameTag registry:https://registry.npmjs.org/pm2 not in flight; fetching
49 verbose get https://registry.npmjs.org/pm2 not expired, no request
50 silly addNameTag next cb for pm2 with tag latest
51 silly addNamed pm2@5.2.0
52 verbose addNamed "5.2.0" is a plain semver version for pm2
53 silly cache afterAdd pm2@5.2.0
54 verbose afterAdd /root/.npm/pm2/5.2.0/package/package.json not in flight; writing
55 verbose afterAdd /root/.npm/pm2/5.2.0/package/package.json written
56 silly fetchNamedPackageData @pm2/agent
57 silly mapToRegistry name @pm2/agent
58 silly mapToRegistry scope (from package name) @pm2
59 verbose mapToRegistry no registry URL found in name for scope @pm2
60 silly mapToRegistry using default registry
61 silly mapToRegistry registry https://registry.npmjs.org/
62 silly mapToRegistry uri https://registry.npmjs.org/@pm2%2fagent
63 silly fetchNamedPackageData @pm2/io
64 silly mapToRegistry name @pm2/io
65 silly mapToRegistry scope (from package name) @pm2
66 verbose mapToRegistry no registry URL found in name for scope @pm2
67 silly mapToRegistry using default registry
68 silly mapToRegistry registry https://registry.npmjs.org/
69 silly mapToRegistry uri https://registry.npmjs.org/@pm2%2fio
70 silly fetchNamedPackageData @pm2/js-api
71 silly mapToRegistry name @pm2/js-api
72 silly mapToRegistry scope (from package name) @pm2
73 verbose mapToRegistry no registry URL found in name for scope @pm2
74 silly mapToRegistry using default registry
75 silly mapToRegistry registry https://registry.npmjs.org/
76 silly mapToRegistry uri https://registry.npmjs.org/@pm2%2fjs-api
77 silly fetchNamedPackageData async
78 silly mapToRegistry name async
79 silly mapToRegistry using default registry
80 silly mapToRegistry registry https://registry.npmjs.org/
81 silly mapToRegistry uri https://registry.npmjs.org/async
82 silly fetchNamedPackageData blessed
83 silly mapToRegistry name blessed
84 silly mapToRegistry using default registry
85 silly mapToRegistry registry https://registry.npmjs.org/
86 silly mapToRegistry uri https://registry.npmjs.org/blessed
87 silly fetchNamedPackageData chalk
88 silly mapToRegistry name chalk
89 silly mapToRegistry using default registry
90 silly mapToRegistry registry https://registry.npmjs.org/
91 silly mapToRegistry uri https://registry.npmjs.org/chalk
92 silly fetchNamedPackageData chokidar
93 silly mapToRegistry name chokidar
94 silly mapToRegistry using default registry
95 silly mapToRegistry registry https://registry.npmjs.org/
96 silly mapToRegistry uri https://registry.npmjs.org/chokidar
97 silly fetchNamedPackageData cli-tableau
98 silly mapToRegistry name cli-tableau
99 silly mapToRegistry using default registry
100 silly mapToRegistry registry https://registry.npmjs.org/
101 silly mapToRegistry uri https://registry.npmjs.org/cli-tableau
102 silly fetchNamedPackageData commander
103 silly mapToRegistry name commander
104 silly mapToRegistry using default registry
105 silly mapToRegistry registry https://registry.npmjs.org/
106 silly mapToRegistry uri https://registry.npmjs.org/commander
107 silly fetchNamedPackageData croner
108 silly mapToRegistry name croner
109 silly mapToRegistry using default registry
110 silly mapToRegistry registry https://registry.npmjs.org/
111 silly mapToRegistry uri https://registry.npmjs.org/croner
112 silly fetchNamedPackageData dayjs
113 silly mapToRegistry name dayjs
114 silly mapToRegistry using default registry
115 silly mapToRegistry registry https://registry.npmjs.org/
116 silly mapToRegistry uri https://registry.npmjs.org/dayjs
117 silly fetchNamedPackageData debug
118 silly mapToRegistry name debug
119 silly mapToRegistry using default registry
120 silly mapToRegistry registry https://registry.npmjs.org/
121 silly mapToRegistry uri https://registry.npmjs.org/debug
122 silly fetchNamedPackageData enquirer
123 silly mapToRegistry name enquirer
124 silly mapToRegistry using default registry
125 silly mapToRegistry registry https://registry.npmjs.org/
126 silly mapToRegistry uri https://registry.npmjs.org/enquirer
127 silly fetchNamedPackageData eventemitter2
128 silly mapToRegistry name eventemitter2
129 silly mapToRegistry using default registry
130 silly mapToRegistry registry https://registry.npmjs.org/
131 silly mapToRegistry uri https://registry.npmjs.org/eventemitter2
132 silly fetchNamedPackageData sprintf-js
133 silly mapToRegistry name sprintf-js
134 silly mapToRegistry using default registry
135 silly mapToRegistry registry https://registry.npmjs.org/
136 silly mapToRegistry uri https://registry.npmjs.org/sprintf-js
137 silly fetchNamedPackageData fclone
138 silly mapToRegistry name fclone
139 silly mapToRegistry using default registry
140 silly mapToRegistry registry https://registry.npmjs.org/
141 silly mapToRegistry uri https://registry.npmjs.org/fclone
142 silly fetchNamedPackageData mkdirp
143 silly mapToRegistry name mkdirp
144 silly mapToRegistry using default registry
145 silly mapToRegistry registry https://registry.npmjs.org/
146 silly mapToRegistry uri https://registry.npmjs.org/mkdirp
147 silly fetchNamedPackageData needle
148 silly mapToRegistry name needle
149 silly mapToRegistry using default registry
150 silly mapToRegistry registry https://registry.npmjs.org/
151 silly mapToRegistry uri https://registry.npmjs.org/needle
152 silly fetchNamedPackageData pidusage
153 silly mapToRegistry name pidusage
154 silly mapToRegistry using default registry
155 silly mapToRegistry registry https://registry.npmjs.org/
156 silly mapToRegistry uri https://registry.npmjs.org/pidusage
157 silly fetchNamedPackageData pm2-axon
158 silly mapToRegistry name pm2-axon
159 silly mapToRegistry using default registry
160 silly mapToRegistry registry https://registry.npmjs.org/
161 silly mapToRegistry uri https://registry.npmjs.org/pm2-axon
162 silly fetchNamedPackageData pm2-axon-rpc
163 silly mapToRegistry name pm2-axon-rpc
164 silly mapToRegistry using default registry
165 silly mapToRegistry registry https://registry.npmjs.org/
166 silly mapToRegistry uri https://registry.npmjs.org/pm2-axon-rpc
167 silly fetchNamedPackageData pm2-deploy
168 silly mapToRegistry name pm2-deploy
169 silly mapToRegistry using default registry
170 silly mapToRegistry registry https://registry.npmjs.org/
171 silly mapToRegistry uri https://registry.npmjs.org/pm2-deploy
172 silly fetchNamedPackageData pm2-multimeter
173 silly mapToRegistry name pm2-multimeter
174 silly mapToRegistry using default registry
175 silly mapToRegistry registry https://registry.npmjs.org/
176 silly mapToRegistry uri https://registry.npmjs.org/pm2-multimeter
177 silly fetchNamedPackageData promptly
178 silly mapToRegistry name promptly
179 silly mapToRegistry using default registry
180 silly mapToRegistry registry https://registry.npmjs.org/
181 silly mapToRegistry uri https://registry.npmjs.org/promptly
182 silly fetchNamedPackageData semver
183 silly mapToRegistry name semver
184 silly mapToRegistry using default registry
185 silly mapToRegistry registry https://registry.npmjs.org/
186 silly mapToRegistry uri https://registry.npmjs.org/semver
187 silly fetchNamedPackageData source-map-support
188 silly mapToRegistry name source-map-support
189 silly mapToRegistry using default registry
190 silly mapToRegistry registry https://registry.npmjs.org/
191 silly mapToRegistry uri https://registry.npmjs.org/source-map-support
192 silly fetchNamedPackageData vizion
193 silly mapToRegistry name vizion
194 silly mapToRegistry using default registry
195 silly mapToRegistry registry https://registry.npmjs.org/
196 silly mapToRegistry uri https://registry.npmjs.org/vizion
197 silly fetchNamedPackageData yamljs
198 silly mapToRegistry name yamljs
199 silly mapToRegistry using default registry
200 silly mapToRegistry registry https://registry.npmjs.org/
201 silly mapToRegistry uri https://registry.npmjs.org/yamljs
202 silly fetchNamedPackageData pm2-sysmonit
203 silly mapToRegistry name pm2-sysmonit
204 silly mapToRegistry using default registry
205 silly mapToRegistry registry https://registry.npmjs.org/
206 silly mapToRegistry uri https://registry.npmjs.org/pm2-sysmonit
207 silly fetchNamedPackageData @pm2/pm2-version-check
208 silly mapToRegistry name @pm2/pm2-version-check
209 silly mapToRegistry scope (from package name) @pm2
210 verbose mapToRegistry no registry URL found in name for scope @pm2
211 silly mapToRegistry using default registry
212 silly mapToRegistry registry https://registry.npmjs.org/
213 silly mapToRegistry uri https://registry.npmjs.org/@pm2%2fpm2-version-check
214 verbose request uri https://registry.npmjs.org/@pm2%2fagent
215 verbose request no auth needed
216 info attempt registry request try #1 at 6:08:58 AM
217 verbose etag W/"8876dbb5716170e760d1d43d841710d8"
218 verbose lastModified Sun, 12 Jun 2022 22:42:10 GMT
219 http request GET https://registry.npmjs.org/@pm2%2fagent
220 verbose request uri https://registry.npmjs.org/@pm2%2fjs-api
221 verbose request no auth needed
222 info attempt registry request try #1 at 6:08:58 AM
223 verbose etag W/"a09c5124977bcd6205774df1a308be98"
224 verbose lastModified Sun, 12 Jun 2022 22:42:11 GMT
225 http request GET https://registry.npmjs.org/@pm2%2fjs-api
226 verbose request uri https://registry.npmjs.org/async
227 verbose request no auth needed
228 info attempt registry request try #1 at 6:08:58 AM
229 verbose etag W/"52e6cf39c33e51936f61ff3bdf3fe668"
230 verbose lastModified Mon, 25 Jul 2022 16:10:43 GMT
231 http request GET https://registry.npmjs.org/async
232 verbose request uri https://registry.npmjs.org/chalk
233 verbose request no auth needed
234 info attempt registry request try #1 at 6:08:58 AM
235 verbose etag W/"7e89694a58ccdd0ee0c4c56b4bdd868b"
236 verbose lastModified Fri, 26 Aug 2022 22:48:01 GMT
237 http request GET https://registry.npmjs.org/chalk
238 verbose request uri https://registry.npmjs.org/blessed
239 verbose request no auth needed
240 info attempt registry request try #1 at 6:08:58 AM
241 verbose etag W/"dc3c1794b9341f75b1755c39bfea3125"
242 verbose lastModified Mon, 13 Jun 2022 04:47:09 GMT
243 http request GET https://registry.npmjs.org/blessed
244 verbose request uri https://registry.npmjs.org/@pm2%2fio
245 verbose request no auth needed
246 info attempt registry request try #1 at 6:08:58 AM
247 verbose etag W/"0141ec753c79af0ba33955ad07ccdeee"
248 verbose lastModified Wed, 06 Apr 2022 15:29:38 GMT
249 http request GET https://registry.npmjs.org/@pm2%2fio
250 verbose request uri https://registry.npmjs.org/cli-tableau
251 verbose request no auth needed
252 info attempt registry request try #1 at 6:08:58 AM
253 verbose etag W/"1351355856f024a62c9b825f02b3ab53"
254 verbose lastModified Tue, 12 Apr 2022 06:41:27 GMT
255 http request GET https://registry.npmjs.org/cli-tableau
256 verbose request uri https://registry.npmjs.org/commander
257 verbose request no auth needed
258 info attempt registry request try #1 at 6:08:58 AM
259 verbose etag W/"a8f44fee62df40b08706acaf62915148"
260 verbose lastModified Tue, 09 Aug 2022 12:41:39 GMT
261 http request GET https://registry.npmjs.org/commander
262 verbose request uri https://registry.npmjs.org/croner
263 verbose request no auth needed
264 info attempt registry request try #1 at 6:08:58 AM
265 verbose etag W/"e3c4a654efa779a230c7e2acc773f99a"
266 verbose lastModified Wed, 24 Aug 2022 18:46:54 GMT
267 http request GET https://registry.npmjs.org/croner
268 verbose request uri https://registry.npmjs.org/dayjs
269 verbose request no auth needed
270 info attempt registry request try #1 at 6:08:58 AM
271 verbose etag W/"65fea878653b969a3a7ea4f470771a73"
272 verbose lastModified Fri, 12 Aug 2022 12:57:21 GMT
273 http request GET https://registry.npmjs.org/dayjs
274 verbose request uri https://registry.npmjs.org/chokidar
275 verbose request no auth needed
276 info attempt registry request try #1 at 6:08:58 AM
277 verbose etag W/"860e59ebd3765f448cc1908756dda159"
278 verbose lastModified Mon, 13 Jun 2022 05:59:18 GMT
279 http request GET https://registry.npmjs.org/chokidar
280 verbose request uri https://registry.npmjs.org/debug
281 verbose request no auth needed
282 info attempt registry request try #1 at 6:08:58 AM
283 verbose etag W/"51d9616cb0ee2b212bcf304eb7700c56"
284 verbose lastModified Tue, 09 Aug 2022 12:45:46 GMT
285 http request GET https://registry.npmjs.org/debug
286 verbose request uri https://registry.npmjs.org/sprintf-js
287 verbose request no auth needed
288 info attempt registry request try #1 at 6:08:58 AM
289 verbose etag W/"e1c68af3543696284ea378dd119f8876"
290 verbose lastModified Sun, 26 Jun 2022 23:08:13 GMT
291 http request GET https://registry.npmjs.org/sprintf-js
292 verbose request uri https://registry.npmjs.org/enquirer
293 verbose request no auth needed
294 info attempt registry request try #1 at 6:08:58 AM
295 verbose etag W/"a7b45326270f0545bc6d5c1960fd2da5"
296 verbose lastModified Fri, 17 Jun 2022 05:52:25 GMT
297 http request GET https://registry.npmjs.org/enquirer
298 verbose request uri https://registry.npmjs.org/eventemitter2
299 verbose request no auth needed
300 info attempt registry request try #1 at 6:08:58 AM
301 verbose etag W/"6d27d1e77e242007c6b5e8d47a40771f"
302 verbose lastModified Mon, 01 Aug 2022 16:32:55 GMT
303 http request GET https://registry.npmjs.org/eventemitter2
304 verbose request uri https://registry.npmjs.org/mkdirp
305 verbose request no auth needed
306 info attempt registry request try #1 at 6:08:58 AM
307 verbose etag W/"decc505d0f52c4696b2cbbd2c4f680c5"
308 verbose lastModified Sun, 19 Jun 2022 23:29:14 GMT
309 http request GET https://registry.npmjs.org/mkdirp
310 verbose request uri https://registry.npmjs.org/fclone
311 verbose request no auth needed
312 info attempt registry request try #1 at 6:08:58 AM
313 verbose etag W/"89d137ce8619537f634e13c64d66d4fc"
314 verbose lastModified Fri, 17 Jun 2022 23:50:42 GMT
315 http request GET https://registry.npmjs.org/fclone
316 verbose request uri https://registry.npmjs.org/pm2-axon
317 verbose request no auth needed
318 info attempt registry request try #1 at 6:08:58 AM
319 verbose etag W/"bbdd8c9f59540a9c594e4bcecd92f1e8"
320 verbose lastModified Fri, 24 Jun 2022 04:46:24 GMT
321 http request GET https://registry.npmjs.org/pm2-axon
322 verbose request uri https://registry.npmjs.org/pm2-axon-rpc
323 verbose request no auth needed
324 info attempt registry request try #1 at 6:08:58 AM
325 verbose etag W/"4585e45f4f4c52344fa2abb9c8ca217d"
326 verbose lastModified Fri, 24 Jun 2022 04:46:36 GMT
327 http request GET https://registry.npmjs.org/pm2-axon-rpc
328 verbose request uri https://registry.npmjs.org/pm2-multimeter
329 verbose request no auth needed
330 info attempt registry request try #1 at 6:08:58 AM
331 verbose etag W/"d1a3710ebb4dee704ed98fb39eb56415"
332 verbose lastModified Fri, 24 Jun 2022 04:52:36 GMT
333 http request GET https://registry.npmjs.org/pm2-multimeter
334 verbose request uri https://registry.npmjs.org/pm2-deploy
335 verbose request no auth needed
336 info attempt registry request try #1 at 6:08:58 AM
337 verbose etag W/"4b685da6b54398c4ba045c2905628726"
338 verbose lastModified Fri, 24 Jun 2022 04:48:00 GMT
339 http request GET https://registry.npmjs.org/pm2-deploy
340 verbose request uri https://registry.npmjs.org/promptly
341 verbose request no auth needed
342 info attempt registry request try #1 at 6:08:58 AM
343 verbose etag W/"b1a66f176b51e27e2f657c19b9690716"
344 verbose lastModified Fri, 24 Jun 2022 19:56:46 GMT
345 http request GET https://registry.npmjs.org/promptly
346 verbose request uri https://registry.npmjs.org/vizion
347 verbose request no auth needed
348 info attempt registry request try #1 at 6:08:58 AM
349 verbose etag W/"0d38e6118baa8d72e15ec186c0c7ee95"
350 verbose lastModified Tue, 28 Jun 2022 17:56:57 GMT
351 http request GET https://registry.npmjs.org/vizion
352 verbose request uri https://registry.npmjs.org/source-map-support
353 verbose request no auth needed
354 info attempt registry request try #1 at 6:08:58 AM
355 verbose etag W/"6970a88035be23dffc972e6be944456a"
356 verbose lastModified Sun, 26 Jun 2022 22:22:58 GMT
357 http request GET https://registry.npmjs.org/source-map-support
358 verbose request uri https://registry.npmjs.org/needle
359 verbose request no auth needed
360 info attempt registry request try #1 at 6:08:58 AM
361 verbose etag W/"c98ed98251d590ba373342d21d574863"
362 verbose lastModified Mon, 20 Jun 2022 23:42:01 GMT
363 http request GET https://registry.npmjs.org/needle
364 verbose request uri https://registry.npmjs.org/yamljs
365 verbose request no auth needed
366 info attempt registry request try #1 at 6:08:58 AM
367 verbose etag W/"a83258708a535655e2ece79635b2d293"
368 verbose lastModified Wed, 29 Jun 2022 06:50:15 GMT
369 http request GET https://registry.npmjs.org/yamljs
370 verbose request uri https://registry.npmjs.org/pm2-sysmonit
371 verbose request no auth needed
372 info attempt registry request try #1 at 6:08:58 AM
373 verbose etag W/"a40251b50cf25bf8fe753a9299008311"
374 verbose lastModified Fri, 13 May 2022 03:04:53 GMT
375 http request GET https://registry.npmjs.org/pm2-sysmonit
376 verbose request uri https://registry.npmjs.org/semver
377 verbose request no auth needed
378 info attempt registry request try #1 at 6:08:58 AM
379 verbose etag W/"124459fa020053f728ffd79bd7df57c8"
380 verbose lastModified Mon, 25 Jul 2022 16:10:59 GMT
381 http request GET https://registry.npmjs.org/semver
382 verbose request uri https://registry.npmjs.org/@pm2%2fpm2-version-check
383 verbose request no auth needed
384 info attempt registry request try #1 at 6:08:58 AM
385 verbose etag W/"78d74182389b6c5a44f4aa14bb8c9e7d"
386 verbose lastModified Wed, 06 Apr 2022 15:29:40 GMT
387 http request GET https://registry.npmjs.org/@pm2%2fpm2-version-check
388 verbose request uri https://registry.npmjs.org/pidusage
389 verbose request no auth needed
390 info attempt registry request try #1 at 6:08:58 AM
391 verbose etag W/"6faed35f7e7434307699345ea2525c02"
392 verbose lastModified Thu, 23 Jun 2022 22:56:11 GMT
393 http request GET https://registry.npmjs.org/pidusage
394 http 304 https://registry.npmjs.org/chalk
395 verbose headers { date: 'Wed, 31 Aug 2022 06:08:58 GMT',
395 verbose headers   connection: 'keep-alive',
395 verbose headers   'cf-ray': '7433983fe86c4906-SIN',
395 verbose headers   age: '172',
395 verbose headers   'cache-control': 'public, max-age=300',
395 verbose headers   etag: '"7e89694a58ccdd0ee0c4c56b4bdd868b"',
395 verbose headers   'last-modified': 'Fri, 26 Aug 2022 22:48:01 GMT',
395 verbose headers   vary: 'Accept-Encoding',
395 verbose headers   'cf-cache-status': 'HIT',
395 verbose headers   'expect-ct': 'max-age=604800, report-uri="https://report-uri.cloudflare.com/cdn-cgi/beacon/expect-ct"',
395 verbose headers   'x-amz-replication-status': 'COMPLETED',
395 verbose headers   server: 'cloudflare' }
396 silly get cb [ 304,
396 silly get   { date: 'Wed, 31 Aug 2022 06:08:58 GMT',
396 silly get     connection: 'keep-alive',
396 silly get     'cf-ray': '7433983fe86c4906-SIN',
396 silly get     age: '172',
396 silly get     'cache-control': 'public, max-age=300',
396 silly get     etag: '"7e89694a58ccdd0ee0c4c56b4bdd868b"',
396 silly get     'last-modified': 'Fri, 26 Aug 2022 22:48:01 GMT',
396 silly get     vary: 'Accept-Encoding',
396 silly get     'cf-cache-status': 'HIT',
396 silly get     'expect-ct': 'max-age=604800, report-uri="https://report-uri.cloudflare.com/cdn-cgi/beacon/expect-ct"',
396 silly get     'x-amz-replication-status': 'COMPLETED',
396 silly get     server: 'cloudflare' } ]
397 verbose etag https://registry.npmjs.org/chalk from cache
398 verbose get saving chalk to /root/.npm/registry.npmjs.org/chalk/.cache.json
399 http 304 https://registry.npmjs.org/debug
400 verbose headers { date: 'Wed, 31 Aug 2022 06:08:58 GMT',
400 verbose headers   connection: 'keep-alive',
400 verbose headers   'cf-ray': '7433983fef8ca135-SIN',
400 verbose headers   age: '244',
400 verbose headers   'cache-control': 'public, max-age=300',
400 verbose headers   etag: '"51d9616cb0ee2b212bcf304eb7700c56"',
400 verbose headers   'last-modified': 'Tue, 09 Aug 2022 12:45:46 GMT',
400 verbose headers   vary: 'Accept-Encoding',
400 verbose headers   'cf-cache-status': 'HIT',
400 verbose headers   'expect-ct': 'max-age=604800, report-uri="https://report-uri.cloudflare.com/cdn-cgi/beacon/expect-ct"',
400 verbose headers   'x-amz-replication-status': 'PENDING',
400 verbose headers   server: 'cloudflare' }
401 silly get cb [ 304,
401 silly get   { date: 'Wed, 31 Aug 2022 06:08:58 GMT',
401 silly get     connection: 'keep-alive',
401 silly get     'cf-ray': '7433983fef8ca135-SIN',
401 silly get     age: '244',
401 silly get     'cache-control': 'public, max-age=300',
401 silly get     etag: '"51d9616cb0ee2b212bcf304eb7700c56"',
401 silly get     'last-modified': 'Tue, 09 Aug 2022 12:45:46 GMT',
401 silly get     vary: 'Accept-Encoding',
401 silly get     'cf-cache-status': 'HIT',
401 silly get     'expect-ct': 'max-age=604800, report-uri="https://report-uri.cloudflare.com/cdn-cgi/beacon/expect-ct"',
401 silly get     'x-amz-replication-status': 'PENDING',
401 silly get     server: 'cloudflare' } ]
402 verbose etag https://registry.npmjs.org/debug from cache
403 verbose get saving debug to /root/.npm/registry.npmjs.org/debug/.cache.json
404 http 304 https://registry.npmjs.org/async
405 verbose headers { date: 'Wed, 31 Aug 2022 06:08:58 GMT',
405 verbose headers   connection: 'keep-alive',
405 verbose headers   'cf-ray': '7433983ffd84ab47-SIN',
405 verbose headers   age: '46',
405 verbose headers   'cache-control': 'public, max-age=300',
405 verbose headers   etag: '"52e6cf39c33e51936f61ff3bdf3fe668"',
405 verbose headers   'last-modified': 'Mon, 25 Jul 2022 16:10:43 GMT',
405 verbose headers   vary: 'Accept-Encoding',
405 verbose headers   'cf-cache-status': 'HIT',
405 verbose headers   'expect-ct': 'max-age=604800, report-uri="https://report-uri.cloudflare.com/cdn-cgi/beacon/expect-ct"',
405 verbose headers   'x-amz-replication-status': 'COMPLETED',
405 verbose headers   server: 'cloudflare' }
406 silly get cb [ 304,
406 silly get   { date: 'Wed, 31 Aug 2022 06:08:58 GMT',
406 silly get     connection: 'keep-alive',
406 silly get     'cf-ray': '7433983ffd84ab47-SIN',
406 silly get     age: '46',
406 silly get     'cache-control': 'public, max-age=300',
406 silly get     etag: '"52e6cf39c33e51936f61ff3bdf3fe668"',
406 silly get     'last-modified': 'Mon, 25 Jul 2022 16:10:43 GMT',
406 silly get     vary: 'Accept-Encoding',
406 silly get     'cf-cache-status': 'HIT',
406 silly get     'expect-ct': 'max-age=604800, report-uri="https://report-uri.cloudflare.com/cdn-cgi/beacon/expect-ct"',
406 silly get     'x-amz-replication-status': 'COMPLETED',
406 silly get     server: 'cloudflare' } ]
407 verbose etag https://registry.npmjs.org/async from cache
408 verbose get saving async to /root/.npm/registry.npmjs.org/async/.cache.json
409 http 304 https://registry.npmjs.org/blessed
410 verbose headers { date: 'Wed, 31 Aug 2022 06:08:58 GMT',
410 verbose headers   connection: 'keep-alive',
410 verbose headers   'cf-ray': '7433983fffa2494b-SIN',
410 verbose headers   age: '273',
410 verbose headers   'cache-control': 'public, max-age=300',
410 verbose headers   etag: '"dc3c1794b9341f75b1755c39bfea3125"',
410 verbose headers   'last-modified': 'Mon, 13 Jun 2022 04:47:09 GMT',
410 verbose headers   vary: 'Accept-Encoding',
410 verbose headers   'cf-cache-status': 'HIT',
410 verbose headers   'expect-ct': 'max-age=604800, report-uri="https://report-uri.cloudflare.com/cdn-cgi/beacon/expect-ct"',
410 verbose headers   'x-amz-replication-status': 'COMPLETED',
410 verbose headers   server: 'cloudflare' }
411 silly get cb [ 304,
411 silly get   { date: 'Wed, 31 Aug 2022 06:08:58 GMT',
411 silly get     connection: 'keep-alive',
411 silly get     'cf-ray': '7433983fffa2494b-SIN',
411 silly get     age: '273',
411 silly get     'cache-control': 'public, max-age=300',
411 silly get     etag: '"dc3c1794b9341f75b1755c39bfea3125"',
411 silly get     'last-modified': 'Mon, 13 Jun 2022 04:47:09 GMT',
411 silly get     vary: 'Accept-Encoding',
411 silly get     'cf-cache-status': 'HIT',
411 silly get     'expect-ct': 'max-age=604800, report-uri="https://report-uri.cloudflare.com/cdn-cgi/beacon/expect-ct"',
411 silly get     'x-amz-replication-status': 'COMPLETED',
411 silly get     server: 'cloudflare' } ]
412 verbose etag https://registry.npmjs.org/blessed from cache
413 verbose get saving blessed to /root/.npm/registry.npmjs.org/blessed/.cache.json
414 http 304 https://registry.npmjs.org/commander
415 verbose headers { date: 'Wed, 31 Aug 2022 06:08:58 GMT',
415 verbose headers   connection: 'keep-alive',
415 verbose headers   'cf-ray': '743398400e694983-SIN',
415 verbose headers   age: '266',
415 verbose headers   'cache-control': 'public, max-age=300',
415 verbose headers   etag: '"a8f44fee62df40b08706acaf62915148"',
415 verbose headers   'last-modified': 'Tue, 09 Aug 2022 12:41:39 GMT',
415 verbose headers   vary: 'Accept-Encoding',
415 verbose headers   'cf-cache-status': 'HIT',
415 verbose headers   'expect-ct': 'max-age=604800, report-uri="https://report-uri.cloudflare.com/cdn-cgi/beacon/expect-ct"',
415 verbose headers   'x-amz-replication-status': 'PENDING',
415 verbose headers   server: 'cloudflare' }
416 silly get cb [ 304,
416 silly get   { date: 'Wed, 31 Aug 2022 06:08:58 GMT',
416 silly get     connection: 'keep-alive',
416 silly get     'cf-ray': '743398400e694983-SIN',
416 silly get     age: '266',
416 silly get     'cache-control': 'public, max-age=300',
416 silly get     etag: '"a8f44fee62df40b08706acaf62915148"',
416 silly get     'last-modified': 'Tue, 09 Aug 2022 12:41:39 GMT',
416 silly get     vary: 'Accept-Encoding',
416 silly get     'cf-cache-status': 'HIT',
416 silly get     'expect-ct': 'max-age=604800, report-uri="https://report-uri.cloudflare.com/cdn-cgi/beacon/expect-ct"',
416 silly get     'x-amz-replication-status': 'PENDING',
416 silly get     server: 'cloudflare' } ]
417 verbose etag https://registry.npmjs.org/commander from cache
418 verbose get saving commander to /root/.npm/registry.npmjs.org/commander/.cache.json
419 http 304 https://registry.npmjs.org/sprintf-js
420 verbose headers { date: 'Wed, 31 Aug 2022 06:08:58 GMT',
420 verbose headers   connection: 'keep-alive',
420 verbose headers   'cf-ray': '7433983ffc8c87d5-SIN',
420 verbose headers   age: '298',
420 verbose headers   'cache-control': 'public, max-age=300',
420 verbose headers   etag: '"e1c68af3543696284ea378dd119f8876"',
420 verbose headers   'last-modified': 'Sun, 26 Jun 2022 23:08:13 GMT',
420 verbose headers   vary: 'Accept-Encoding',
420 verbose headers   'cf-cache-status': 'HIT',
420 verbose headers   'expect-ct': 'max-age=604800, report-uri="https://report-uri.cloudflare.com/cdn-cgi/beacon/expect-ct"',
420 verbose headers   'x-amz-replication-status': 'COMPLETED',
420 verbose headers   server: 'cloudflare' }
421 silly get cb [ 304,
421 silly get   { date: 'Wed, 31 Aug 2022 06:08:58 GMT',
421 silly get     connection: 'keep-alive',
421 silly get     'cf-ray': '7433983ffc8c87d5-SIN',
421 silly get     age: '298',
421 silly get     'cache-control': 'public, max-age=300',
421 silly get     etag: '"e1c68af3543696284ea378dd119f8876"',
421 silly get     'last-modified': 'Sun, 26 Jun 2022 23:08:13 GMT',
421 silly get     vary: 'Accept-Encoding',
421 silly get     'cf-cache-status': 'HIT',
421 silly get     'expect-ct': 'max-age=604800, report-uri="https://report-uri.cloudflare.com/cdn-cgi/beacon/expect-ct"',
421 silly get     'x-amz-replication-status': 'COMPLETED',
421 silly get     server: 'cloudflare' } ]
422 verbose etag https://registry.npmjs.org/sprintf-js from cache
423 verbose get saving sprintf-js to /root/.npm/registry.npmjs.org/sprintf-js/.cache.json
424 silly resolveWithNewModule chalk@3.0.0 checking installable status
425 silly cache add args [ 'chalk@3.0.0', null ]
426 verbose cache add spec chalk@3.0.0
427 silly cache add parsed spec Result {
427 silly cache add   raw: 'chalk@3.0.0',
427 silly cache add   scope: null,
427 silly cache add   name: 'chalk',
427 silly cache add   rawSpec: '3.0.0',
427 silly cache add   spec: '3.0.0',
427 silly cache add   type: 'version' }
428 silly addNamed chalk@3.0.0
429 verbose addNamed "3.0.0" is a plain semver version for chalk
430 silly mapToRegistry name chalk
431 silly mapToRegistry using default registry
432 silly mapToRegistry registry https://registry.npmjs.org/
433 silly mapToRegistry uri https://registry.npmjs.org/chalk
434 verbose addNameVersion registry:https://registry.npmjs.org/chalk not in flight; fetching
435 http 304 https://registry.npmjs.org/semver
436 verbose headers { date: 'Wed, 31 Aug 2022 06:08:58 GMT',
436 verbose headers   connection: 'keep-alive',
436 verbose headers   'cf-ray': '7433984029e22f28-SIN',
436 verbose headers   age: '152',
436 verbose headers   'cache-control': 'public, max-age=300',
436 verbose headers   etag: '"124459fa020053f728ffd79bd7df57c8"',
436 verbose headers   'last-modified': 'Mon, 25 Jul 2022 16:10:59 GMT',
436 verbose headers   vary: 'Accept-Encoding',
436 verbose headers   'cf-cache-status': 'HIT',
436 verbose headers   'expect-ct': 'max-age=604800, report-uri="https://report-uri.cloudflare.com/cdn-cgi/beacon/expect-ct"',
436 verbose headers   'x-amz-replication-status': 'PENDING',
436 verbose headers   server: 'cloudflare' }
437 silly get cb [ 304,
437 silly get   { date: 'Wed, 31 Aug 2022 06:08:58 GMT',
437 silly get     connection: 'keep-alive',
437 silly get     'cf-ray': '7433984029e22f28-SIN',
437 silly get     age: '152',
437 silly get     'cache-control': 'public, max-age=300',
437 silly get     etag: '"124459fa020053f728ffd79bd7df57c8"',
437 silly get     'last-modified': 'Mon, 25 Jul 2022 16:10:59 GMT',
437 silly get     vary: 'Accept-Encoding',
437 silly get     'cf-cache-status': 'HIT',
437 silly get     'expect-ct': 'max-age=604800, report-uri="https://report-uri.cloudflare.com/cdn-cgi/beacon/expect-ct"',
437 silly get     'x-amz-replication-status': 'PENDING',
437 silly get     server: 'cloudflare' } ]
438 verbose etag https://registry.npmjs.org/semver from cache
439 verbose get saving semver to /root/.npm/registry.npmjs.org/semver/.cache.json
440 http 304 https://registry.npmjs.org/needle
441 verbose headers { date: 'Wed, 31 Aug 2022 06:08:58 GMT',
441 verbose headers   connection: 'keep-alive',
441 verbose headers   'cf-ray': '74339840181146b5-SIN',
441 verbose headers   age: '15',
441 verbose headers   'cache-control': 'public, max-age=300',
441 verbose headers   etag: '"c98ed98251d590ba373342d21d574863"',
441 verbose headers   'last-modified': 'Mon, 20 Jun 2022 23:42:01 GMT',
441 verbose headers   vary: 'Accept-Encoding',
441 verbose headers   'cf-cache-status': 'HIT',
441 verbose headers   'expect-ct': 'max-age=604800, report-uri="https://report-uri.cloudflare.com/cdn-cgi/beacon/expect-ct"',
441 verbose headers   'x-amz-replication-status': 'COMPLETED',
441 verbose headers   server: 'cloudflare' }
442 silly get cb [ 304,
442 silly get   { date: 'Wed, 31 Aug 2022 06:08:58 GMT',
442 silly get     connection: 'keep-alive',
442 silly get     'cf-ray': '74339840181146b5-SIN',
442 silly get     age: '15',
442 silly get     'cache-control': 'public, max-age=300',
442 silly get     etag: '"c98ed98251d590ba373342d21d574863"',
442 silly get     'last-modified': 'Mon, 20 Jun 2022 23:42:01 GMT',
442 silly get     vary: 'Accept-Encoding',
442 silly get     'cf-cache-status': 'HIT',
442 silly get     'expect-ct': 'max-age=604800, report-uri="https://report-uri.cloudflare.com/cdn-cgi/beacon/expect-ct"',
442 silly get     'x-amz-replication-status': 'COMPLETED',
442 silly get     server: 'cloudflare' } ]
443 verbose etag https://registry.npmjs.org/needle from cache
444 verbose get saving needle to /root/.npm/registry.npmjs.org/needle/.cache.json
445 http 304 https://registry.npmjs.org/source-map-support
446 verbose headers { date: 'Wed, 31 Aug 2022 06:08:58 GMT',
446 verbose headers   connection: 'keep-alive',
446 verbose headers   'cf-ray': '743398402d668802-SIN',
446 verbose headers   age: '170',
446 verbose headers   'cache-control': 'public, max-age=300',
446 verbose headers   etag: '"6970a88035be23dffc972e6be944456a"',
446 verbose headers   'last-modified': 'Sun, 26 Jun 2022 22:22:58 GMT',
446 verbose headers   vary: 'Accept-Encoding',
446 verbose headers   'cf-cache-status': 'HIT',
446 verbose headers   'expect-ct': 'max-age=604800, report-uri="https://report-uri.cloudflare.com/cdn-cgi/beacon/expect-ct"',
446 verbose headers   'x-amz-replication-status': 'COMPLETED',
446 verbose headers   server: 'cloudflare' }
447 silly get cb [ 304,
447 silly get   { date: 'Wed, 31 Aug 2022 06:08:58 GMT',
447 silly get     connection: 'keep-alive',
447 silly get     'cf-ray': '743398402d668802-SIN',
447 silly get     age: '170',
447 silly get     'cache-control': 'public, max-age=300',
447 silly get     etag: '"6970a88035be23dffc972e6be944456a"',
447 silly get     'last-modified': 'Sun, 26 Jun 2022 22:22:58 GMT',
447 silly get     vary: 'Accept-Encoding',
447 silly get     'cf-cache-status': 'HIT',
447 silly get     'expect-ct': 'max-age=604800, report-uri="https://report-uri.cloudflare.com/cdn-cgi/beacon/expect-ct"',
447 silly get     'x-amz-replication-status': 'COMPLETED',
447 silly get     server: 'cloudflare' } ]
448 verbose etag https://registry.npmjs.org/source-map-support from cache
449 verbose get saving source-map-support to /root/.npm/registry.npmjs.org/source-map-support/.cache.json
450 http 304 https://registry.npmjs.org/yamljs
451 verbose headers { date: 'Wed, 31 Aug 2022 06:08:58 GMT',
451 verbose headers   connection: 'keep-alive',
451 verbose headers   'cf-ray': '74339840298c4baa-SIN',
451 verbose headers   age: '260',
451 verbose headers   'cache-control': 'public, max-age=300',
451 verbose headers   etag: '"a83258708a535655e2ece79635b2d293"',
451 verbose headers   'last-modified': 'Wed, 29 Jun 2022 06:50:15 GMT',
451 verbose headers   vary: 'Accept-Encoding',
451 verbose headers   'cf-cache-status': 'HIT',
451 verbose headers   'expect-ct': 'max-age=604800, report-uri="https://report-uri.cloudflare.com/cdn-cgi/beacon/expect-ct"',
451 verbose headers   'x-amz-replication-status': 'COMPLETED',
451 verbose headers   server: 'cloudflare' }
452 silly get cb [ 304,
452 silly get   { date: 'Wed, 31 Aug 2022 06:08:58 GMT',
452 silly get     connection: 'keep-alive',
452 silly get     'cf-ray': '74339840298c4baa-SIN',
452 silly get     age: '260',
452 silly get     'cache-control': 'public, max-age=300',
452 silly get     etag: '"a83258708a535655e2ece79635b2d293"',
452 silly get     'last-modified': 'Wed, 29 Jun 2022 06:50:15 GMT',
452 silly get     vary: 'Accept-Encoding',
452 silly get     'cf-cache-status': 'HIT',
452 silly get     'expect-ct': 'max-age=604800, report-uri="https://report-uri.cloudflare.com/cdn-cgi/beacon/expect-ct"',
452 silly get     'x-amz-replication-status': 'COMPLETED',
452 silly get     server: 'cloudflare' } ]
453 verbose etag https://registry.npmjs.org/yamljs from cache
454 verbose get saving yamljs to /root/.npm/registry.npmjs.org/yamljs/.cache.json
455 http 304 https://registry.npmjs.org/eventemitter2
456 verbose headers { date: 'Wed, 31 Aug 2022 06:08:58 GMT',
456 verbose headers   connection: 'keep-alive',
456 verbose headers   'cf-ray': '743398402ed94709-SIN',
456 verbose headers   age: '272',
456 verbose headers   'cache-control': 'public, max-age=300',
456 verbose headers   etag: '"6d27d1e77e242007c6b5e8d47a40771f"',
456 verbose headers   'last-modified': 'Mon, 01 Aug 2022 16:32:55 GMT',
456 verbose headers   vary: 'Accept-Encoding',
456 verbose headers   'cf-cache-status': 'HIT',
456 verbose headers   'expect-ct': 'max-age=604800, report-uri="https://report-uri.cloudflare.com/cdn-cgi/beacon/expect-ct"',
456 verbose headers   'x-amz-replication-status': 'COMPLETED',
456 verbose headers   server: 'cloudflare' }
457 silly get cb [ 304,
457 silly get   { date: 'Wed, 31 Aug 2022 06:08:58 GMT',
457 silly get     connection: 'keep-alive',
457 silly get     'cf-ray': '743398402ed94709-SIN',
457 silly get     age: '272',
457 silly get     'cache-control': 'public, max-age=300',
457 silly get     etag: '"6d27d1e77e242007c6b5e8d47a40771f"',
457 silly get     'last-modified': 'Mon, 01 Aug 2022 16:32:55 GMT',
457 silly get     vary: 'Accept-Encoding',
457 silly get     'cf-cache-status': 'HIT',
457 silly get     'expect-ct': 'max-age=604800, report-uri="https://report-uri.cloudflare.com/cdn-cgi/beacon/expect-ct"',
457 silly get     'x-amz-replication-status': 'COMPLETED',
457 silly get     server: 'cloudflare' } ]
458 verbose etag https://registry.npmjs.org/eventemitter2 from cache
459 verbose get saving eventemitter2 to /root/.npm/registry.npmjs.org/eventemitter2/.cache.json
460 http 304 https://registry.npmjs.org/fclone
461 verbose headers { date: 'Wed, 31 Aug 2022 06:08:58 GMT',
461 verbose headers   connection: 'keep-alive',
461 verbose headers   'cf-ray': '7433984028f44c23-SIN',
461 verbose headers   age: '170',
461 verbose headers   'cache-control': 'public, max-age=300',
461 verbose headers   etag: '"89d137ce8619537f634e13c64d66d4fc"',
461 verbose headers   'last-modified': 'Fri, 17 Jun 2022 23:50:42 GMT',
461 verbose headers   vary: 'Accept-Encoding',
461 verbose headers   'cf-cache-status': 'HIT',
461 verbose headers   'expect-ct': 'max-age=604800, report-uri="https://report-uri.cloudflare.com/cdn-cgi/beacon/expect-ct"',
461 verbose headers   'x-amz-replication-status': 'COMPLETED',
461 verbose headers   server: 'cloudflare' }
462 silly get cb [ 304,
462 silly get   { date: 'Wed, 31 Aug 2022 06:08:58 GMT',
462 silly get     connection: 'keep-alive',
462 silly get     'cf-ray': '7433984028f44c23-SIN',
462 silly get     age: '170',
462 silly get     'cache-control': 'public, max-age=300',
462 silly get     etag: '"89d137ce8619537f634e13c64d66d4fc"',
462 silly get     'last-modified': 'Fri, 17 Jun 2022 23:50:42 GMT',
462 silly get     vary: 'Accept-Encoding',
462 silly get     'cf-cache-status': 'HIT',
462 silly get     'expect-ct': 'max-age=604800, report-uri="https://report-uri.cloudflare.com/cdn-cgi/beacon/expect-ct"',
462 silly get     'x-amz-replication-status': 'COMPLETED',
462 silly get     server: 'cloudflare' } ]
463 verbose etag https://registry.npmjs.org/fclone from cache
464 verbose get saving fclone to /root/.npm/registry.npmjs.org/fclone/.cache.json
465 silly resolveWithNewModule debug@4.3.4 checking installable status
466 silly cache add args [ 'debug@^4.3.1', null ]
467 verbose cache add spec debug@^4.3.1
468 silly cache add parsed spec Result {
468 silly cache add   raw: 'debug@^4.3.1',
468 silly cache add   scope: null,
468 silly cache add   name: 'debug',
468 silly cache add   rawSpec: '^4.3.1',
468 silly cache add   spec: '>=4.3.1 <5.0.0',
468 silly cache add   type: 'range' }
469 silly addNamed debug@>=4.3.1 <5.0.0
470 verbose addNamed ">=4.3.1 <5.0.0" is a valid semver range for debug
471 silly addNameRange { name: 'debug', range: '>=4.3.1 <5.0.0', hasData: false }
472 silly mapToRegistry name debug
473 silly mapToRegistry using default registry
474 silly mapToRegistry registry https://registry.npmjs.org/
475 silly mapToRegistry uri https://registry.npmjs.org/debug
476 verbose addNameRange registry:https://registry.npmjs.org/debug not in flight; fetching
477 http 304 https://registry.npmjs.org/pm2-sysmonit
478 verbose headers { date: 'Wed, 31 Aug 2022 06:08:58 GMT',
478 verbose headers   connection: 'keep-alive',
478 verbose headers   'cf-ray': '743398402a9a8988-SIN',
478 verbose headers   age: '100',
478 verbose headers   'cache-control': 'public, max-age=300',
478 verbose headers   etag: '"a40251b50cf25bf8fe753a9299008311"',
478 verbose headers   'last-modified': 'Fri, 13 May 2022 03:04:53 GMT',
478 verbose headers   vary: 'Accept-Encoding',
478 verbose headers   'cf-cache-status': 'HIT',
478 verbose headers   'expect-ct': 'max-age=604800, report-uri="https://report-uri.cloudflare.com/cdn-cgi/beacon/expect-ct"',
478 verbose headers   'x-amz-replication-status': 'PENDING',
478 verbose headers   server: 'cloudflare' }
479 silly get cb [ 304,
479 silly get   { date: 'Wed, 31 Aug 2022 06:08:58 GMT',
479 silly get     connection: 'keep-alive',
479 silly get     'cf-ray': '743398402a9a8988-SIN',
479 silly get     age: '100',
479 silly get     'cache-control': 'public, max-age=300',
479 silly get     etag: '"a40251b50cf25bf8fe753a9299008311"',
479 silly get     'last-modified': 'Fri, 13 May 2022 03:04:53 GMT',
479 silly get     vary: 'Accept-Encoding',
479 silly get     'cf-cache-status': 'HIT',
479 silly get     'expect-ct': 'max-age=604800, report-uri="https://report-uri.cloudflare.com/cdn-cgi/beacon/expect-ct"',
479 silly get     'x-amz-replication-status': 'PENDING',
479 silly get     server: 'cloudflare' } ]
480 verbose etag https://registry.npmjs.org/pm2-sysmonit from cache
481 verbose get saving pm2-sysmonit to /root/.npm/registry.npmjs.org/pm2-sysmonit/.cache.json
482 http 304 https://registry.npmjs.org/pidusage
483 verbose headers { date: 'Wed, 31 Aug 2022 06:08:58 GMT',
483 verbose headers   connection: 'keep-alive',
483 verbose headers   'cf-ray': '743398402b494c77-SIN',
483 verbose headers   age: '15',
483 verbose headers   'cache-control': 'public, max-age=300',
483 verbose headers   etag: '"6faed35f7e7434307699345ea2525c02"',
483 verbose headers   'last-modified': 'Thu, 23 Jun 2022 22:56:11 GMT',
483 verbose headers   vary: 'Accept-Encoding',
483 verbose headers   'cf-cache-status': 'HIT',
483 verbose headers   'expect-ct': 'max-age=604800, report-uri="https://report-uri.cloudflare.com/cdn-cgi/beacon/expect-ct"',
483 verbose headers   'x-amz-replication-status': 'COMPLETED',
483 verbose headers   server: 'cloudflare' }
484 silly get cb [ 304,
484 silly get   { date: 'Wed, 31 Aug 2022 06:08:58 GMT',
484 silly get     connection: 'keep-alive',
484 silly get     'cf-ray': '743398402b494c77-SIN',
484 silly get     age: '15',
484 silly get     'cache-control': 'public, max-age=300',
484 silly get     etag: '"6faed35f7e7434307699345ea2525c02"',
484 silly get     'last-modified': 'Thu, 23 Jun 2022 22:56:11 GMT',
484 silly get     vary: 'Accept-Encoding',
484 silly get     'cf-cache-status': 'HIT',
484 silly get     'expect-ct': 'max-age=604800, report-uri="https://report-uri.cloudflare.com/cdn-cgi/beacon/expect-ct"',
484 silly get     'x-amz-replication-status': 'COMPLETED',
484 silly get     server: 'cloudflare' } ]
485 verbose etag https://registry.npmjs.org/pidusage from cache
486 verbose get saving pidusage to /root/.npm/registry.npmjs.org/pidusage/.cache.json
487 http 304 https://registry.npmjs.org/enquirer
488 verbose headers { date: 'Wed, 31 Aug 2022 06:08:58 GMT',
488 verbose headers   connection: 'keep-alive',
488 verbose headers   'cf-ray': '743398402c764c1d-SIN',
488 verbose headers   age: '170',
488 verbose headers   'cache-control': 'public, max-age=300',
488 verbose headers   etag: '"a7b45326270f0545bc6d5c1960fd2da5"',
488 verbose headers   'last-modified': 'Fri, 17 Jun 2022 05:52:25 GMT',
488 verbose headers   vary: 'Accept-Encoding',
488 verbose headers   'cf-cache-status': 'HIT',
488 verbose headers   'expect-ct': 'max-age=604800, report-uri="https://report-uri.cloudflare.com/cdn-cgi/beacon/expect-ct"',
488 verbose headers   'x-amz-replication-status': 'PENDING',
488 verbose headers   server: 'cloudflare' }
489 silly get cb [ 304,
489 silly get   { date: 'Wed, 31 Aug 2022 06:08:58 GMT',
489 silly get     connection: 'keep-alive',
489 silly get     'cf-ray': '743398402c764c1d-SIN',
489 silly get     age: '170',
489 silly get     'cache-control': 'public, max-age=300',
489 silly get     etag: '"a7b45326270f0545bc6d5c1960fd2da5"',
489 silly get     'last-modified': 'Fri, 17 Jun 2022 05:52:25 GMT',
489 silly get     vary: 'Accept-Encoding',
489 silly get     'cf-cache-status': 'HIT',
489 silly get     'expect-ct': 'max-age=604800, report-uri="https://report-uri.cloudflare.com/cdn-cgi/beacon/expect-ct"',
489 silly get     'x-amz-replication-status': 'PENDING',
489 silly get     server: 'cloudflare' } ]
490 verbose etag https://registry.npmjs.org/enquirer from cache
491 verbose get saving enquirer to /root/.npm/registry.npmjs.org/enquirer/.cache.json
492 http 304 https://registry.npmjs.org/dayjs
493 verbose headers { date: 'Wed, 31 Aug 2022 06:08:58 GMT',
493 verbose headers   connection: 'keep-alive',
493 verbose headers   'cf-ray': '7433983fef162ef2-SIN',
493 verbose headers   age: '205',
493 verbose headers   'cache-control': 'public, max-age=300',
493 verbose headers   etag: '"65fea878653b969a3a7ea4f470771a73"',
493 verbose headers   'last-modified': 'Fri, 12 Aug 2022 12:57:21 GMT',
493 verbose headers   vary: 'Accept-Encoding',
493 verbose headers   'cf-cache-status': 'HIT',
493 verbose headers   'expect-ct': 'max-age=604800, report-uri="https://report-uri.cloudflare.com/cdn-cgi/beacon/expect-ct"',
493 verbose headers   'x-amz-replication-status': 'PENDING',
493 verbose headers   server: 'cloudflare' }
494 silly get cb [ 304,
494 silly get   { date: 'Wed, 31 Aug 2022 06:08:58 GMT',
494 silly get     connection: 'keep-alive',
494 silly get     'cf-ray': '7433983fef162ef2-SIN',
494 silly get     age: '205',
494 silly get     'cache-control': 'public, max-age=300',
494 silly get     etag: '"65fea878653b969a3a7ea4f470771a73"',
494 silly get     'last-modified': 'Fri, 12 Aug 2022 12:57:21 GMT',
494 silly get     vary: 'Accept-Encoding',
494 silly get     'cf-cache-status': 'HIT',
494 silly get     'expect-ct': 'max-age=604800, report-uri="https://report-uri.cloudflare.com/cdn-cgi/beacon/expect-ct"',
494 silly get     'x-amz-replication-status': 'PENDING',
494 silly get     server: 'cloudflare' } ]
495 verbose etag https://registry.npmjs.org/dayjs from cache
496 verbose get saving dayjs to /root/.npm/registry.npmjs.org/dayjs/.cache.json
497 verbose get https://registry.npmjs.org/chalk not expired, no request
498 http 304 https://registry.npmjs.org/vizion
499 verbose headers { date: 'Wed, 31 Aug 2022 06:08:58 GMT',
499 verbose headers   connection: 'keep-alive',
499 verbose headers   'cf-ray': '743398402bf049f6-SIN',
499 verbose headers   age: '271',
499 verbose headers   'cache-control': 'public, max-age=300',
499 verbose headers   etag: '"0d38e6118baa8d72e15ec186c0c7ee95"',
499 verbose headers   'last-modified': 'Tue, 28 Jun 2022 17:56:57 GMT',
499 verbose headers   vary: 'Accept-Encoding',
499 verbose headers   'cf-cache-status': 'HIT',
499 verbose headers   'expect-ct': 'max-age=604800, report-uri="https://report-uri.cloudflare.com/cdn-cgi/beacon/expect-ct"',
499 verbose headers   'x-amz-replication-status': 'COMPLETED',
499 verbose headers   server: 'cloudflare' }
500 silly get cb [ 304,
500 silly get   { date: 'Wed, 31 Aug 2022 06:08:58 GMT',
500 silly get     connection: 'keep-alive',
500 silly get     'cf-ray': '743398402bf049f6-SIN',
500 silly get     age: '271',
500 silly get     'cache-control': 'public, max-age=300',
500 silly get     etag: '"0d38e6118baa8d72e15ec186c0c7ee95"',
500 silly get     'last-modified': 'Tue, 28 Jun 2022 17:56:57 GMT',
500 silly get     vary: 'Accept-Encoding',
500 silly get     'cf-cache-status': 'HIT',
500 silly get     'expect-ct': 'max-age=604800, report-uri="https://report-uri.cloudflare.com/cdn-cgi/beacon/expect-ct"',
500 silly get     'x-amz-replication-status': 'COMPLETED',
500 silly get     server: 'cloudflare' } ]
501 verbose etag https://registry.npmjs.org/vizion from cache
502 verbose get saving vizion to /root/.npm/registry.npmjs.org/vizion/.cache.json
503 silly resolveWithNewModule async@3.2.4 checking installable status
504 silly cache add args [ 'async@~3.2.0', null ]
505 verbose cache add spec async@~3.2.0
506 silly cache add parsed spec Result {
506 silly cache add   raw: 'async@~3.2.0',
506 silly cache add   scope: null,
506 silly cache add   name: 'async',
506 silly cache add   rawSpec: '~3.2.0',
506 silly cache add   spec: '>=3.2.0 <3.3.0',
506 silly cache add   type: 'range' }
507 silly addNamed async@>=3.2.0 <3.3.0
508 verbose addNamed ">=3.2.0 <3.3.0" is a valid semver range for async
509 silly addNameRange { name: 'async', range: '>=3.2.0 <3.3.0', hasData: false }
510 silly mapToRegistry name async
511 silly mapToRegistry using default registry
512 silly mapToRegistry registry https://registry.npmjs.org/
513 silly mapToRegistry uri https://registry.npmjs.org/async
514 verbose addNameRange registry:https://registry.npmjs.org/async not in flight; fetching
515 silly resolveWithNewModule blessed@0.1.81 checking installable status
516 silly cache add args [ 'blessed@0.1.81', null ]
517 verbose cache add spec blessed@0.1.81
518 silly cache add parsed spec Result {
518 silly cache add   raw: 'blessed@0.1.81',
518 silly cache add   scope: null,
518 silly cache add   name: 'blessed',
518 silly cache add   rawSpec: '0.1.81',
518 silly cache add   spec: '0.1.81',
518 silly cache add   type: 'version' }
519 silly addNamed blessed@0.1.81
520 verbose addNamed "0.1.81" is a plain semver version for blessed
521 silly mapToRegistry name blessed
522 silly mapToRegistry using default registry
523 silly mapToRegistry registry https://registry.npmjs.org/
524 silly mapToRegistry uri https://registry.npmjs.org/blessed
525 verbose addNameVersion registry:https://registry.npmjs.org/blessed not in flight; fetching
526 silly resolveWithNewModule commander@2.15.1 checking installable status
527 silly cache add args [ 'commander@2.15.1', null ]
528 verbose cache add spec commander@2.15.1
529 silly cache add parsed spec Result {
529 silly cache add   raw: 'commander@2.15.1',
529 silly cache add   scope: null,
529 silly cache add   name: 'commander',
529 silly cache add   rawSpec: '2.15.1',
529 silly cache add   spec: '2.15.1',
529 silly cache add   type: 'version' }
530 silly addNamed commander@2.15.1
531 verbose addNamed "2.15.1" is a plain semver version for commander
532 silly mapToRegistry name commander
533 silly mapToRegistry using default registry
534 silly mapToRegistry registry https://registry.npmjs.org/
535 silly mapToRegistry uri https://registry.npmjs.org/commander
536 verbose addNameVersion registry:https://registry.npmjs.org/commander not in flight; fetching
537 http 304 https://registry.npmjs.org/mkdirp
538 verbose headers { date: 'Wed, 31 Aug 2022 06:08:58 GMT',
538 verbose headers   connection: 'keep-alive',
538 verbose headers   'cf-ray': '743398401e7f9e22-SIN',
538 verbose headers   age: '41',
538 verbose headers   'cache-control': 'public, max-age=300',
538 verbose headers   etag: '"decc505d0f52c4696b2cbbd2c4f680c5"',
538 verbose headers   'last-modified': 'Sun, 19 Jun 2022 23:29:14 GMT',
538 verbose headers   vary: 'Accept-Encoding',
538 verbose headers   'cf-cache-status': 'HIT',
538 verbose headers   'expect-ct': 'max-age=604800, report-uri="https://report-uri.cloudflare.com/cdn-cgi/beacon/expect-ct"',
538 verbose headers   'x-amz-replication-status': 'COMPLETED',
538 verbose headers   server: 'cloudflare' }
539 silly get cb [ 304,
539 silly get   { date: 'Wed, 31 Aug 2022 06:08:58 GMT',
539 silly get     connection: 'keep-alive',
539 silly get     'cf-ray': '743398401e7f9e22-SIN',
539 silly get     age: '41',
539 silly get     'cache-control': 'public, max-age=300',
539 silly get     etag: '"decc505d0f52c4696b2cbbd2c4f680c5"',
539 silly get     'last-modified': 'Sun, 19 Jun 2022 23:29:14 GMT',
539 silly get     vary: 'Accept-Encoding',
539 silly get     'cf-cache-status': 'HIT',
539 silly get     'expect-ct': 'max-age=604800, report-uri="https://report-uri.cloudflare.com/cdn-cgi/beacon/expect-ct"',
539 silly get     'x-amz-replication-status': 'COMPLETED',
539 silly get     server: 'cloudflare' } ]
540 verbose etag https://registry.npmjs.org/mkdirp from cache
541 verbose get saving mkdirp to /root/.npm/registry.npmjs.org/mkdirp/.cache.json
542 silly resolveWithNewModule sprintf-js@1.1.2 checking installable status
543 silly cache add args [ 'sprintf-js@1.1.2', null ]
544 verbose cache add spec sprintf-js@1.1.2
545 silly cache add parsed spec Result {
545 silly cache add   raw: 'sprintf-js@1.1.2',
545 silly cache add   scope: null,
545 silly cache add   name: 'sprintf-js',
545 silly cache add   rawSpec: '1.1.2',
545 silly cache add   spec: '1.1.2',
545 silly cache add   type: 'version' }
546 silly addNamed sprintf-js@1.1.2
547 verbose addNamed "1.1.2" is a plain semver version for sprintf-js
548 silly mapToRegistry name sprintf-js
549 silly mapToRegistry using default registry
550 silly mapToRegistry registry https://registry.npmjs.org/
551 silly mapToRegistry uri https://registry.npmjs.org/sprintf-js
552 verbose addNameVersion registry:https://registry.npmjs.org/sprintf-js not in flight; fetching
553 http 304 https://registry.npmjs.org/@pm2%2fpm2-version-check
554 verbose headers { date: 'Wed, 31 Aug 2022 06:08:58 GMT',
554 verbose headers   connection: 'keep-alive',
554 verbose headers   'cf-ray': '743398403eb19e22-SIN',
554 verbose headers   age: '271',
554 verbose headers   'cache-control': 'public, max-age=300',
554 verbose headers   etag: '"78d74182389b6c5a44f4aa14bb8c9e7d"',
554 verbose headers   'last-modified': 'Wed, 06 Apr 2022 15:29:40 GMT',
554 verbose headers   vary: 'Accept-Encoding',
554 verbose headers   'cf-cache-status': 'HIT',
554 verbose headers   'expect-ct': 'max-age=604800, report-uri="https://report-uri.cloudflare.com/cdn-cgi/beacon/expect-ct"',
554 verbose headers   'x-amz-replication-status': 'COMPLETED',
554 verbose headers   server: 'cloudflare' }
555 silly get cb [ 304,
555 silly get   { date: 'Wed, 31 Aug 2022 06:08:58 GMT',
555 silly get     connection: 'keep-alive',
555 silly get     'cf-ray': '743398403eb19e22-SIN',
555 silly get     age: '271',
555 silly get     'cache-control': 'public, max-age=300',
555 silly get     etag: '"78d74182389b6c5a44f4aa14bb8c9e7d"',
555 silly get     'last-modified': 'Wed, 06 Apr 2022 15:29:40 GMT',
555 silly get     vary: 'Accept-Encoding',
555 silly get     'cf-cache-status': 'HIT',
555 silly get     'expect-ct': 'max-age=604800, report-uri="https://report-uri.cloudflare.com/cdn-cgi/beacon/expect-ct"',
555 silly get     'x-amz-replication-status': 'COMPLETED',
555 silly get     server: 'cloudflare' } ]
556 verbose etag https://registry.npmjs.org/@pm2%2fpm2-version-check from cache
557 verbose get saving @pm2/pm2-version-check to /root/.npm/registry.npmjs.org/_40pm2_252fpm2-version-check/.cache.json
558 verbose get https://registry.npmjs.org/debug not expired, no request
559 silly addNameRange number 2 { name: 'debug', range: '>=4.3.1 <5.0.0', hasData: true }
560 silly addNameRange versions [ 'debug',
560 silly addNameRange   [ '0.0.1',
560 silly addNameRange     '0.1.0',
560 silly addNameRange     '0.2.0',
560 silly addNameRange     '0.3.0',
560 silly addNameRange     '0.4.0',
560 silly addNameRange     '0.4.1',
560 silly addNameRange     '0.5.0',
560 silly addNameRange     '0.6.0',
560 silly addNameRange     '0.7.0',
560 silly addNameRange     '0.7.1',
560 silly addNameRange     '0.7.2',
560 silly addNameRange     '0.7.3',
560 silly addNameRange     '0.7.4',
560 silly addNameRange     '0.8.0',
560 silly addNameRange     '0.8.1',
560 silly addNameRange     '1.0.0',
560 silly addNameRange     '1.0.1',
560 silly addNameRange     '1.0.2',
560 silly addNameRange     '1.0.3',
560 silly addNameRange     '1.0.4',
560 silly addNameRange     '2.0.0',
560 silly addNameRange     '2.1.0',
560 silly addNameRange     '2.1.1',
560 silly addNameRange     '2.1.2',
560 silly addNameRange     '2.1.3',
560 silly addNameRange     '2.2.0',
560 silly addNameRange     '2.3.0',
560 silly addNameRange     '2.3.1',
560 silly addNameRange     '2.3.2',
560 silly addNameRange     '2.3.3',
560 silly addNameRange     '2.4.0',
560 silly addNameRange     '2.4.1',
560 silly addNameRange     '2.4.2',
560 silly addNameRange     '2.4.3',
560 silly addNameRange     '2.4.4',
560 silly addNameRange     '2.4.5',
560 silly addNameRange     '2.5.0',
560 silly addNameRange     '2.5.1',
560 silly addNameRange     '2.5.2',
560 silly addNameRange     '2.6.0',
560 silly addNameRange     '2.6.1',
560 silly addNameRange     '2.6.2',
560 silly addNameRange     '2.6.3',
560 silly addNameRange     '2.6.4',
560 silly addNameRange     '2.6.5',
560 silly addNameRange     '2.6.6',
560 silly addNameRange     '2.6.7',
560 silly addNameRange     '2.6.8',
560 silly addNameRange     '1.0.5',
560 silly addNameRange     '3.0.0',
560 silly addNameRange     '3.0.1',
560 silly addNameRange     '2.6.9',
560 silly addNameRange     '3.1.0',
560 silly addNameRange     '3.2.0',
560 silly addNameRange     '3.2.1',
560 silly addNameRange     '3.2.2',
560 silly addNameRange     '3.2.3',
560 silly addNameRange     '4.0.0',
560 silly addNameRange     '3.2.4',
560 silly addNameRange     '3.2.5',
560 silly addNameRange     '4.0.1',
560 silly addNameRange     '4.1.0',
560 silly addNameRange     '3.2.6',
560 silly addNameRange     '4.1.1',
560 silly addNameRange     '4.2.0',
560 silly addNameRange     '4.3.0',
560 silly addNameRange     '4.3.1',
560 silly addNameRange     '3.2.7',
560 silly addNameRange     '4.3.2',
560 silly addNameRange     '4.3.3',
560 silly addNameRange     '4.3.4' ] ]
561 silly addNamed debug@4.3.4
562 verbose addNamed "4.3.4" is a plain semver version for debug
563 silly resolveWithNewModule semver@7.3.7 checking installable status
564 silly cache add args [ 'semver@^7.2', null ]
565 verbose cache add spec semver@^7.2
566 silly cache add parsed spec Result {
566 silly cache add   raw: 'semver@^7.2',
566 silly cache add   scope: null,
566 silly cache add   name: 'semver',
566 silly cache add   rawSpec: '^7.2',
566 silly cache add   spec: '>=7.2.0 <8.0.0',
566 silly cache add   type: 'range' }
567 silly addNamed semver@>=7.2.0 <8.0.0
568 verbose addNamed ">=7.2.0 <8.0.0" is a valid semver range for semver
569 silly addNameRange { name: 'semver', range: '>=7.2.0 <8.0.0', hasData: false }
570 silly mapToRegistry name semver
571 silly mapToRegistry using default registry
572 silly mapToRegistry registry https://registry.npmjs.org/
573 silly mapToRegistry uri https://registry.npmjs.org/semver
574 verbose addNameRange registry:https://registry.npmjs.org/semver not in flight; fetching
575 silly resolveWithNewModule needle@2.4.0 checking installable status
576 silly cache add args [ 'needle@2.4.0', null ]
577 verbose cache add spec needle@2.4.0
578 silly cache add parsed spec Result {
578 silly cache add   raw: 'needle@2.4.0',
578 silly cache add   scope: null,
578 silly cache add   name: 'needle',
578 silly cache add   rawSpec: '2.4.0',
578 silly cache add   spec: '2.4.0',
578 silly cache add   type: 'version' }
579 silly addNamed needle@2.4.0
580 verbose addNamed "2.4.0" is a plain semver version for needle
581 silly mapToRegistry name needle
582 silly mapToRegistry using default registry
583 silly mapToRegistry registry https://registry.npmjs.org/
584 silly mapToRegistry uri https://registry.npmjs.org/needle
585 verbose addNameVersion registry:https://registry.npmjs.org/needle not in flight; fetching
586 silly resolveWithNewModule source-map-support@0.5.19 checking installable status
587 silly cache add args [ 'source-map-support@0.5.19', null ]
588 verbose cache add spec source-map-support@0.5.19
589 silly cache add parsed spec Result {
589 silly cache add   raw: 'source-map-support@0.5.19',
589 silly cache add   scope: null,
589 silly cache add   name: 'source-map-support',
589 silly cache add   rawSpec: '0.5.19',
589 silly cache add   spec: '0.5.19',
589 silly cache add   type: 'version' }
590 silly addNamed source-map-support@0.5.19
591 verbose addNamed "0.5.19" is a plain semver version for source-map-support
592 silly mapToRegistry name source-map-support
593 silly mapToRegistry using default registry
594 silly mapToRegistry registry https://registry.npmjs.org/
595 silly mapToRegistry uri https://registry.npmjs.org/source-map-support
596 verbose addNameVersion registry:https://registry.npmjs.org/source-map-support not in flight; fetching
597 http 304 https://registry.npmjs.org/@pm2%2fio
598 verbose headers { date: 'Wed, 31 Aug 2022 06:08:59 GMT',
598 verbose headers   connection: 'keep-alive',
598 verbose headers   'cf-ray': '743398400f6a4733-SIN',
598 verbose headers   age: '272',
598 verbose headers   'cache-control': 'public, max-age=300',
598 verbose headers   etag: '"0141ec753c79af0ba33955ad07ccdeee"',
598 verbose headers   'last-modified': 'Wed, 06 Apr 2022 15:29:38 GMT',
598 verbose headers   vary: 'Accept-Encoding',
598 verbose headers   'cf-cache-status': 'HIT',
598 verbose headers   'expect-ct': 'max-age=604800, report-uri="https://report-uri.cloudflare.com/cdn-cgi/beacon/expect-ct"',
598 verbose headers   'x-amz-replication-status': 'COMPLETED',
598 verbose headers   server: 'cloudflare' }
599 silly get cb [ 304,
599 silly get   { date: 'Wed, 31 Aug 2022 06:08:59 GMT',
599 silly get     connection: 'keep-alive',
599 silly get     'cf-ray': '743398400f6a4733-SIN',
599 silly get     age: '272',
599 silly get     'cache-control': 'public, max-age=300',
599 silly get     etag: '"0141ec753c79af0ba33955ad07ccdeee"',
599 silly get     'last-modified': 'Wed, 06 Apr 2022 15:29:38 GMT',
599 silly get     vary: 'Accept-Encoding',
599 silly get     'cf-cache-status': 'HIT',
599 silly get     'expect-ct': 'max-age=604800, report-uri="https://report-uri.cloudflare.com/cdn-cgi/beacon/expect-ct"',
599 silly get     'x-amz-replication-status': 'COMPLETED',
599 silly get     server: 'cloudflare' } ]
600 verbose etag https://registry.npmjs.org/@pm2%2fio from cache
601 verbose get saving @pm2/io to /root/.npm/registry.npmjs.org/_40pm2_252fio/.cache.json
602 http 304 https://registry.npmjs.org/croner
603 verbose headers { date: 'Wed, 31 Aug 2022 06:08:59 GMT',
603 verbose headers   connection: 'keep-alive',
603 verbose headers   'cf-ray': '7433983fe9e46bbd-SIN',
603 verbose headers   'cache-control': 'public, max-age=300',
603 verbose headers   etag: '"e3c4a654efa779a230c7e2acc773f99a"',
603 verbose headers   'last-modified': 'Wed, 24 Aug 2022 18:46:54 GMT',
603 verbose headers   vary: 'Accept-Encoding',
603 verbose headers   'cf-cache-status': 'REVALIDATED',
603 verbose headers   'expect-ct': 'max-age=604800, report-uri="https://report-uri.cloudflare.com/cdn-cgi/beacon/expect-ct"',
603 verbose headers   'x-amz-replication-status': 'COMPLETED',
603 verbose headers   server: 'cloudflare' }
604 silly get cb [ 304,
604 silly get   { date: 'Wed, 31 Aug 2022 06:08:59 GMT',
604 silly get     connection: 'keep-alive',
604 silly get     'cf-ray': '7433983fe9e46bbd-SIN',
604 silly get     'cache-control': 'public, max-age=300',
604 silly get     etag: '"e3c4a654efa779a230c7e2acc773f99a"',
604 silly get     'last-modified': 'Wed, 24 Aug 2022 18:46:54 GMT',
604 silly get     vary: 'Accept-Encoding',
604 silly get     'cf-cache-status': 'REVALIDATED',
604 silly get     'expect-ct': 'max-age=604800, report-uri="https://report-uri.cloudflare.com/cdn-cgi/beacon/expect-ct"',
604 silly get     'x-amz-replication-status': 'COMPLETED',
604 silly get     server: 'cloudflare' } ]
605 verbose etag https://registry.npmjs.org/croner from cache
606 verbose get saving croner to /root/.npm/registry.npmjs.org/croner/.cache.json
607 http 304 https://registry.npmjs.org/promptly
608 verbose headers { date: 'Wed, 31 Aug 2022 06:08:59 GMT',
608 verbose headers   connection: 'keep-alive',
608 verbose headers   'cf-ray': '743398401d9f87f5-SIN',
608 verbose headers   'cache-control': 'public, max-age=300',
608 verbose headers   etag: '"b1a66f176b51e27e2f657c19b9690716"',
608 verbose headers   'last-modified': 'Fri, 24 Jun 2022 19:56:46 GMT',
608 verbose headers   vary: 'Accept-Encoding',
608 verbose headers   'cf-cache-status': 'REVALIDATED',
608 verbose headers   'expect-ct': 'max-age=604800, report-uri="https://report-uri.cloudflare.com/cdn-cgi/beacon/expect-ct"',
608 verbose headers   'x-amz-replication-status': 'COMPLETED',
608 verbose headers   server: 'cloudflare' }
609 silly get cb [ 304,
609 silly get   { date: 'Wed, 31 Aug 2022 06:08:59 GMT',
609 silly get     connection: 'keep-alive',
609 silly get     'cf-ray': '743398401d9f87f5-SIN',
609 silly get     'cache-control': 'public, max-age=300',
609 silly get     etag: '"b1a66f176b51e27e2f657c19b9690716"',
609 silly get     'last-modified': 'Fri, 24 Jun 2022 19:56:46 GMT',
609 silly get     vary: 'Accept-Encoding',
609 silly get     'cf-cache-status': 'REVALIDATED',
609 silly get     'expect-ct': 'max-age=604800, report-uri="https://report-uri.cloudflare.com/cdn-cgi/beacon/expect-ct"',
609 silly get     'x-amz-replication-status': 'COMPLETED',
609 silly get     server: 'cloudflare' } ]
610 verbose etag https://registry.npmjs.org/promptly from cache
611 verbose get saving promptly to /root/.npm/registry.npmjs.org/promptly/.cache.json
612 silly resolveWithNewModule yamljs@0.3.0 checking installable status
613 silly cache add args [ 'yamljs@0.3.0', null ]
614 verbose cache add spec yamljs@0.3.0
615 silly cache add parsed spec Result {
615 silly cache add   raw: 'yamljs@0.3.0',
615 silly cache add   scope: null,
615 silly cache add   name: 'yamljs',
615 silly cache add   rawSpec: '0.3.0',
615 silly cache add   spec: '0.3.0',
615 silly cache add   type: 'version' }
616 silly addNamed yamljs@0.3.0
617 verbose addNamed "0.3.0" is a plain semver version for yamljs
618 silly mapToRegistry name yamljs
619 silly mapToRegistry using default registry
620 silly mapToRegistry registry https://registry.npmjs.org/
621 silly mapToRegistry uri https://registry.npmjs.org/yamljs
622 verbose addNameVersion registry:https://registry.npmjs.org/yamljs not in flight; fetching
623 http 304 https://registry.npmjs.org/cli-tableau
624 verbose headers { date: 'Wed, 31 Aug 2022 06:08:59 GMT',
624 verbose headers   connection: 'keep-alive',
624 verbose headers   'cf-ray': '74339841aa702ef2-SIN',
624 verbose headers   age: '101',
624 verbose headers   'cache-control': 'public, max-age=300',
624 verbose headers   etag: '"1351355856f024a62c9b825f02b3ab53"',
624 verbose headers   'last-modified': 'Tue, 12 Apr 2022 06:41:27 GMT',
624 verbose headers   vary: 'Accept-Encoding',
624 verbose headers   'cf-cache-status': 'HIT',
624 verbose headers   'expect-ct': 'max-age=604800, report-uri="https://report-uri.cloudflare.com/cdn-cgi/beacon/expect-ct"',
624 verbose headers   'x-amz-replication-status': 'COMPLETED',
624 verbose headers   server: 'cloudflare' }
625 silly get cb [ 304,
625 silly get   { date: 'Wed, 31 Aug 2022 06:08:59 GMT',
625 silly get     connection: 'keep-alive',
625 silly get     'cf-ray': '74339841aa702ef2-SIN',
625 silly get     age: '101',
625 silly get     'cache-control': 'public, max-age=300',
625 silly get     etag: '"1351355856f024a62c9b825f02b3ab53"',
625 silly get     'last-modified': 'Tue, 12 Apr 2022 06:41:27 GMT',
625 silly get     vary: 'Accept-Encoding',
625 silly get     'cf-cache-status': 'HIT',
625 silly get     'expect-ct': 'max-age=604800, report-uri="https://report-uri.cloudflare.com/cdn-cgi/beacon/expect-ct"',
625 silly get     'x-amz-replication-status': 'COMPLETED',
625 silly get     server: 'cloudflare' } ]
626 verbose etag https://registry.npmjs.org/cli-tableau from cache
627 verbose get saving cli-tableau to /root/.npm/registry.npmjs.org/cli-tableau/.cache.json
628 silly resolveWithNewModule eventemitter2@5.0.1 checking installable status
629 silly cache add args [ 'eventemitter2@5.0.1', null ]
630 verbose cache add spec eventemitter2@5.0.1
631 silly cache add parsed spec Result {
631 silly cache add   raw: 'eventemitter2@5.0.1',
631 silly cache add   scope: null,
631 silly cache add   name: 'eventemitter2',
631 silly cache add   rawSpec: '5.0.1',
631 silly cache add   spec: '5.0.1',
631 silly cache add   type: 'version' }
632 silly addNamed eventemitter2@5.0.1
633 verbose addNamed "5.0.1" is a plain semver version for eventemitter2
634 silly mapToRegistry name eventemitter2
635 silly mapToRegistry using default registry
636 silly mapToRegistry registry https://registry.npmjs.org/
637 silly mapToRegistry uri https://registry.npmjs.org/eventemitter2
638 verbose addNameVersion registry:https://registry.npmjs.org/eventemitter2 not in flight; fetching
639 silly cache afterAdd chalk@3.0.0
640 verbose afterAdd /root/.npm/chalk/3.0.0/package/package.json not in flight; writing
641 verbose get https://registry.npmjs.org/async not expired, no request
642 silly addNameRange number 2 { name: 'async', range: '>=3.2.0 <3.3.0', hasData: true }
643 silly addNameRange versions [ 'async',
643 silly addNameRange   [ '0.1.0',
643 silly addNameRange     '0.1.1',
643 silly addNameRange     '0.1.2',
643 silly addNameRange     '0.1.3',
643 silly addNameRange     '0.1.4',
643 silly addNameRange     '0.1.5',
643 silly addNameRange     '0.1.6',
643 silly addNameRange     '0.1.7',
643 silly addNameRange     '0.1.8',
643 silly addNameRange     '0.1.9',
643 silly addNameRange     '0.1.10',
643 silly addNameRange     '0.1.11',
643 silly addNameRange     '0.1.12',
643 silly addNameRange     '0.1.13',
643 silly addNameRange     '0.1.14',
643 silly addNameRange     '0.1.15',
643 silly addNameRange     '0.1.16',
643 silly addNameRange     '0.1.17',
643 silly addNameRange     '0.1.18',
643 silly addNameRange     '0.1.19',
643 silly addNameRange     '0.1.20',
643 silly addNameRange     '0.1.21',
643 silly addNameRange     '0.1.22',
643 silly addNameRange     '0.2.0',
643 silly addNameRange     '0.2.1',
643 silly addNameRange     '0.2.2',
643 silly addNameRange     '0.2.3',
643 silly addNameRange     '0.2.4',
643 silly addNameRange     '0.2.5',
643 silly addNameRange     '0.2.6',
643 silly addNameRange     '0.2.7',
643 silly addNameRange     '0.2.8',
643 silly addNameRange     '0.2.9',
643 silly addNameRange     '0.2.10',
643 silly addNameRange     '0.3.0',
643 silly addNameRange     '0.4.0',
643 silly addNameRange     '0.4.1',
643 silly addNameRange     '0.5.0',
643 silly addNameRange     '0.6.0',
643 silly addNameRange     '0.6.1',
643 silly addNameRange     '0.6.2',
643 silly addNameRange     '0.7.0',
643 silly addNameRange     '0.8.0',
643 silly addNameRange     '0.9.0',
643 silly addNameRange     '0.9.2',
643 silly addNameRange     '1.0.0',
643 silly addNameRange     '1.1.0',
643 silly addNameRange     '1.2.0',
643 silly addNameRange     '1.1.1',
643 silly addNameRange     '1.2.1',
643 silly addNameRange     '1.3.0',
643 silly addNameRange     '1.4.0',
643 silly addNameRange     '1.4.1',
643 silly addNameRange     '1.4.2',
643 silly addNameRange     '1.5.0',
643 silly addNameRange     '1.5.1',
643 silly addNameRange     '1.5.2',
643 silly addNameRange     '2.0.0-alpha.0',
643 silly addNameRange     '2.0.0-rc.1',
643 silly addNameRange     '2.0.0-rc.2',
643 silly addNameRange     '2.0.0-rc.3',
643 silly addNameRange     '2.0.0-rc.4',
643 silly addNameRange     '2.0.0-rc.5',
643 silly addNameRange     '2.0.0-rc.6',
643 silly addNameRange     '2.0.0',
643 silly addNameRange     '2.0.1',
643 silly addNameRange     '2.1.0',
643 silly addNameRange     '2.1.1',
643 silly addNameRange     '2.1.2',
643 silly addNameRange     '2.1.4',
643 silly addNameRange     '2.1.5',
643 silly addNameRange     '2.2.0',
643 silly addNameRange     '2.3.0',
643 silly addNameRange     '2.4.0',
643 silly addNameRange     '2.4.1',
643 silly addNameRange     '2.5.0',
643 silly addNameRange     '2.6.0',
643 silly addNameRange     '2.6.1',
643 silly addNameRange     '3.0.1-0',
643 silly addNameRange     '2.6.2',
643 silly addNameRange     '3.0.0',
643 silly addNameRange     '3.0.1',
643 silly addNameRange     '3.1.0',
643 silly addNameRange     '2.6.3',
643 silly addNameRange     '3.1.1',
643 silly addNameRange     '3.2.0',
643 silly addNameRange     '3.2.1',
643 silly addNameRange     '3.2.2',
643 silly addNameRange     '3.2.3',
643 silly addNameRange     '2.6.4',
643 silly addNameRange     '3.2.4' ] ]
644 silly addNamed async@3.2.4
645 verbose addNamed "3.2.4" is a plain semver version for async
646 silly resolveWithNewModule fclone@1.0.11 checking installable status
647 silly cache add args [ 'fclone@1.0.11', null ]
648 verbose cache add spec fclone@1.0.11
649 silly cache add parsed spec Result {
649 silly cache add   raw: 'fclone@1.0.11',
649 silly cache add   scope: null,
649 silly cache add   name: 'fclone',
649 silly cache add   rawSpec: '1.0.11',
649 silly cache add   spec: '1.0.11',
649 silly cache add   type: 'version' }
650 silly addNamed fclone@1.0.11
651 verbose addNamed "1.0.11" is a plain semver version for fclone
652 silly mapToRegistry name fclone
653 silly mapToRegistry using default registry
654 silly mapToRegistry registry https://registry.npmjs.org/
655 silly mapToRegistry uri https://registry.npmjs.org/fclone
656 verbose addNameVersion registry:https://registry.npmjs.org/fclone not in flight; fetching
657 verbose get https://registry.npmjs.org/blessed not expired, no request
658 verbose get https://registry.npmjs.org/commander not expired, no request
659 http 304 https://registry.npmjs.org/chokidar
660 verbose headers { date: 'Wed, 31 Aug 2022 06:08:59 GMT',
660 verbose headers   connection: 'keep-alive',
660 verbose headers   'cf-ray': '743398402f1a9e28-SIN',
660 verbose headers   'cache-control': 'public, max-age=300',
660 verbose headers   etag: '"860e59ebd3765f448cc1908756dda159"',
660 verbose headers   'last-modified': 'Mon, 13 Jun 2022 05:59:18 GMT',
660 verbose headers   vary: 'Accept-Encoding',
660 verbose headers   'cf-cache-status': 'REVALIDATED',
660 verbose headers   'expect-ct': 'max-age=604800, report-uri="https://report-uri.cloudflare.com/cdn-cgi/beacon/expect-ct"',
660 verbose headers   'x-amz-replication-status': 'COMPLETED',
660 verbose headers   server: 'cloudflare' }
661 silly get cb [ 304,
661 silly get   { date: 'Wed, 31 Aug 2022 06:08:59 GMT',
661 silly get     connection: 'keep-alive',
661 silly get     'cf-ray': '743398402f1a9e28-SIN',
661 silly get     'cache-control': 'public, max-age=300',
661 silly get     etag: '"860e59ebd3765f448cc1908756dda159"',
661 silly get     'last-modified': 'Mon, 13 Jun 2022 05:59:18 GMT',
661 silly get     vary: 'Accept-Encoding',
661 silly get     'cf-cache-status': 'REVALIDATED',
661 silly get     'expect-ct': 'max-age=604800, report-uri="https://report-uri.cloudflare.com/cdn-cgi/beacon/expect-ct"',
661 silly get     'x-amz-replication-status': 'COMPLETED',
661 silly get     server: 'cloudflare' } ]
662 verbose etag https://registry.npmjs.org/chokidar from cache
663 verbose get saving chokidar to /root/.npm/registry.npmjs.org/chokidar/.cache.json
664 verbose get https://registry.npmjs.org/sprintf-js not expired, no request
665 silly resolveWithNewModule pidusage@3.0.0 checking installable status
666 silly cache add args [ 'pidusage@~3.0', null ]
667 verbose cache add spec pidusage@~3.0
668 silly cache add parsed spec Result {
668 silly cache add   raw: 'pidusage@~3.0',
668 silly cache add   scope: null,
668 silly cache add   name: 'pidusage',
668 silly cache add   rawSpec: '~3.0',
668 silly cache add   spec: '>=3.0.0 <3.1.0',
668 silly cache add   type: 'range' }
669 silly addNamed pidusage@>=3.0.0 <3.1.0
670 verbose addNamed ">=3.0.0 <3.1.0" is a valid semver range for pidusage
671 silly addNameRange { name: 'pidusage', range: '>=3.0.0 <3.1.0', hasData: false }
672 silly mapToRegistry name pidusage
673 silly mapToRegistry using default registry
674 silly mapToRegistry registry https://registry.npmjs.org/
675 silly mapToRegistry uri https://registry.npmjs.org/pidusage
676 verbose addNameRange registry:https://registry.npmjs.org/pidusage not in flight; fetching
677 silly resolveWithNewModule enquirer@2.3.6 checking installable status
678 silly cache add args [ 'enquirer@2.3.6', null ]
679 verbose cache add spec enquirer@2.3.6
680 silly cache add parsed spec Result {
680 silly cache add   raw: 'enquirer@2.3.6',
680 silly cache add   scope: null,
680 silly cache add   name: 'enquirer',
680 silly cache add   rawSpec: '2.3.6',
680 silly cache add   spec: '2.3.6',
680 silly cache add   type: 'version' }
681 silly addNamed enquirer@2.3.6
682 verbose addNamed "2.3.6" is a plain semver version for enquirer
683 silly mapToRegistry name enquirer
684 silly mapToRegistry using default registry
685 silly mapToRegistry registry https://registry.npmjs.org/
686 silly mapToRegistry uri https://registry.npmjs.org/enquirer
687 verbose addNameVersion registry:https://registry.npmjs.org/enquirer not in flight; fetching
688 silly resolveWithNewModule dayjs@1.8.36 checking installable status
689 silly cache add args [ 'dayjs@~1.8.25', null ]
690 verbose cache add spec dayjs@~1.8.25
691 silly cache add parsed spec Result {
691 silly cache add   raw: 'dayjs@~1.8.25',
691 silly cache add   scope: null,
691 silly cache add   name: 'dayjs',
691 silly cache add   rawSpec: '~1.8.25',
691 silly cache add   spec: '>=1.8.25 <1.9.0',
691 silly cache add   type: 'range' }
692 silly addNamed dayjs@>=1.8.25 <1.9.0
693 verbose addNamed ">=1.8.25 <1.9.0" is a valid semver range for dayjs
694 silly addNameRange { name: 'dayjs', range: '>=1.8.25 <1.9.0', hasData: false }
695 silly mapToRegistry name dayjs
696 silly mapToRegistry using default registry
697 silly mapToRegistry registry https://registry.npmjs.org/
698 silly mapToRegistry uri https://registry.npmjs.org/dayjs
699 verbose addNameRange registry:https://registry.npmjs.org/dayjs not in flight; fetching
700 silly resolveWithNewModule pm2-sysmonit@1.2.8 checking installable status
701 silly cache add args [ 'pm2-sysmonit@^1.2.8', null ]
702 verbose cache add spec pm2-sysmonit@^1.2.8
703 silly cache add parsed spec Result {
703 silly cache add   raw: 'pm2-sysmonit@^1.2.8',
703 silly cache add   scope: null,
703 silly cache add   name: 'pm2-sysmonit',
703 silly cache add   rawSpec: '^1.2.8',
703 silly cache add   spec: '>=1.2.8 <2.0.0',
703 silly cache add   type: 'range' }
704 silly addNamed pm2-sysmonit@>=1.2.8 <2.0.0
705 verbose addNamed ">=1.2.8 <2.0.0" is a valid semver range for pm2-sysmonit
706 silly addNameRange { name: 'pm2-sysmonit', range: '>=1.2.8 <2.0.0', hasData: false }
707 silly mapToRegistry name pm2-sysmonit
708 silly mapToRegistry using default registry
709 silly mapToRegistry registry https://registry.npmjs.org/
710 silly mapToRegistry uri https://registry.npmjs.org/pm2-sysmonit
711 verbose addNameRange registry:https://registry.npmjs.org/pm2-sysmonit not in flight; fetching
712 silly resolveWithNewModule vizion@2.2.1 checking installable status
713 silly cache add args [ 'vizion@~2.2.1', null ]
714 verbose cache add spec vizion@~2.2.1
715 silly cache add parsed spec Result {
715 silly cache add   raw: 'vizion@~2.2.1',
715 silly cache add   scope: null,
715 silly cache add   name: 'vizion',
715 silly cache add   rawSpec: '~2.2.1',
715 silly cache add   spec: '>=2.2.1 <2.3.0',
715 silly cache add   type: 'range' }
716 silly addNamed vizion@>=2.2.1 <2.3.0
717 verbose addNamed ">=2.2.1 <2.3.0" is a valid semver range for vizion
718 silly addNameRange { name: 'vizion', range: '>=2.2.1 <2.3.0', hasData: false }
719 silly mapToRegistry name vizion
720 silly mapToRegistry using default registry
721 silly mapToRegistry registry https://registry.npmjs.org/
722 silly mapToRegistry uri https://registry.npmjs.org/vizion
723 verbose addNameRange registry:https://registry.npmjs.org/vizion not in flight; fetching
724 silly cache afterAdd debug@4.3.4
725 verbose afterAdd /root/.npm/debug/4.3.4/package/package.json not in flight; writing
726 verbose get https://registry.npmjs.org/semver not expired, no request
727 silly addNameRange number 2 { name: 'semver', range: '>=7.2.0 <8.0.0', hasData: true }
728 silly addNameRange versions [ 'semver',
728 silly addNameRange   [ '1.0.0',
728 silly addNameRange     '1.0.1',
728 silly addNameRange     '1.0.2',
728 silly addNameRange     '1.0.3',
728 silly addNameRange     '1.0.4',
728 silly addNameRange     '1.0.5',
728 silly addNameRange     '1.0.6',
728 silly addNameRange     '1.0.7',
728 silly addNameRange     '1.0.8',
728 silly addNameRange     '1.0.9',
728 silly addNameRange     '1.0.10',
728 silly addNameRange     '1.0.11',
728 silly addNameRange     '1.0.12',
728 silly addNameRange     '1.0.13',
728 silly addNameRange     '1.0.14',
728 silly addNameRange     '1.1.0',
728 silly addNameRange     '1.1.1',
728 silly addNameRange     '1.1.2',
728 silly addNameRange     '1.1.3',
728 silly addNameRange     '1.1.4',
728 silly addNameRange     '2.0.0-alpha',
728 silly addNameRange     '2.0.0-beta',
728 silly addNameRange     '2.0.1',
728 silly addNameRange     '2.0.2',
728 silly addNameRange     '2.0.3',
728 silly addNameRange     '2.0.4',
728 silly addNameRange     '2.0.5',
728 silly addNameRange     '2.0.6',
728 silly addNameRange     '2.0.7',
728 silly addNameRange     '2.0.8',
728 silly addNameRange     '2.0.9',
728 silly addNameRange     '2.0.10',
728 silly addNameRange     '2.0.11',
728 silly addNameRange     '2.1.0',
728 silly addNameRange     '2.2.0',
728 silly addNameRange     '2.2.1',
728 silly addNameRange     '2.3.0',
728 silly addNameRange     '2.3.1',
728 silly addNameRange     '2.3.2',
728 silly addNameRange     '3.0.0',
728 silly addNameRange     '3.0.1',
728 silly addNameRange     '4.0.0',
728 silly addNameRange     '4.0.2',
728 silly addNameRange     '4.0.3',
728 silly addNameRange     '4.1.0',
728 silly addNameRange     '4.1.1',
728 silly addNameRange     '4.2.0',
728 silly addNameRange     '4.2.1',
728 silly addNameRange     '4.2.2',
728 silly addNameRange     '4.3.0',
728 silly addNameRange     '4.3.1',
728 silly addNameRange     '4.3.2',
728 silly addNameRange     '4.3.3',
728 silly addNameRange     '4.3.4',
728 silly addNameRange     '4.3.5',
728 silly addNameRange     '4.3.6',
728 silly addNameRange     '5.0.0',
728 silly addNameRange     '5.0.1',
728 silly addNameRange     '5.0.2',
728 silly addNameRange     '5.0.3',
728 silly addNameRange     '5.1.0',
728 silly addNameRange     '5.1.1',
728 silly addNameRange     '5.2.0',
728 silly addNameRange     '5.3.0',
728 silly addNameRange     '5.4.0',
728 silly addNameRange     '5.4.1',
728 silly addNameRange     '5.5.0',
728 silly addNameRange     '5.5.1',
728 silly addNameRange     '5.6.0',
728 silly addNameRange     '5.7.0',
728 silly addNameRange     '6.0.0',
728 silly addNameRange     '6.1.0',
728 silly addNameRange     '6.1.1',
728 silly addNameRange     '6.1.2',
728 silly addNameRange     '6.1.3',
728 silly addNameRange     '6.2.0',
728 silly addNameRange     '6.3.0',
728 silly addNameRange     '5.7.1',
728 silly addNameRange     '7.0.0',
728 silly addNameRange     '7.1.0',
728 silly addNameRange     '7.1.1',
728 silly addNameRange     '7.1.2',
728 silly addNameRange     '7.1.3',
728 silly addNameRange     '7.2.0',
728 silly addNameRange     '7.2.1',
728 silly addNameRange     '7.2.2',
728 silly addNameRange     '7.2.3',
728 silly addNameRange     '7.3.0',
728 silly addNameRange     '7.3.1',
728 silly addNameRange     '7.3.2',
728 silly addNameRange     '7.3.3',
728 silly addNameRange     '7.3.4',
728 silly addNameRange     '7.3.5',
728 silly addNameRange     '7.3.6',
728 silly addNameRange     '7.3.7' ] ]
729 silly addNamed semver@7.3.7
730 verbose addNamed "7.3.7" is a plain semver version for semver
731 verbose get https://registry.npmjs.org/needle not expired, no request
732 verbose get https://registry.npmjs.org/source-map-support not expired, no request
733 silly resolveWithNewModule mkdirp@1.0.4 checking installable status
734 silly cache add args [ 'mkdirp@1.0.4', null ]
735 verbose cache add spec mkdirp@1.0.4
736 silly cache add parsed spec Result {
736 silly cache add   raw: 'mkdirp@1.0.4',
736 silly cache add   scope: null,
736 silly cache add   name: 'mkdirp',
736 silly cache add   rawSpec: '1.0.4',
736 silly cache add   spec: '1.0.4',
736 silly cache add   type: 'version' }
737 silly addNamed mkdirp@1.0.4
738 verbose addNamed "1.0.4" is a plain semver version for mkdirp
739 silly mapToRegistry name mkdirp
740 silly mapToRegistry using default registry
741 silly mapToRegistry registry https://registry.npmjs.org/
742 silly mapToRegistry uri https://registry.npmjs.org/mkdirp
743 verbose addNameVersion registry:https://registry.npmjs.org/mkdirp not in flight; fetching
744 verbose get https://registry.npmjs.org/yamljs not expired, no request
745 verbose get https://registry.npmjs.org/eventemitter2 not expired, no request
746 silly resolveWithNewModule @pm2/pm2-version-check@1.0.4 checking installable status
747 silly cache add args [ '@pm2/pm2-version-check@latest', null ]
748 verbose cache add spec @pm2/pm2-version-check@latest
749 verbose afterAdd /root/.npm/chalk/3.0.0/package/package.json written
750 verbose get https://registry.npmjs.org/fclone not expired, no request
751 silly cache add parsed spec Result {
751 silly cache add   raw: '@pm2/pm2-version-check@latest',
751 silly cache add   scope: '@pm2',
751 silly cache add   name: '@pm2/pm2-version-check',
751 silly cache add   rawSpec: 'latest',
751 silly cache add   spec: 'latest',
751 silly cache add   type: 'tag' }
752 silly addNamed @pm2/pm2-version-check@latest
753 verbose addNamed "latest" is being treated as a dist-tag for @pm2/pm2-version-check
754 info addNameTag [ '@pm2/pm2-version-check', 'latest' ]
755 silly mapToRegistry name @pm2/pm2-version-check
756 silly mapToRegistry scope (from package name) @pm2
757 verbose mapToRegistry no registry URL found in name for scope @pm2
758 silly mapToRegistry using default registry
759 silly mapToRegistry registry https://registry.npmjs.org/
760 silly mapToRegistry uri https://registry.npmjs.org/@pm2%2fpm2-version-check
761 verbose addNameTag registry:https://registry.npmjs.org/@pm2%2fpm2-version-check not in flight; fetching
762 silly cache afterAdd async@3.2.4
763 verbose afterAdd /root/.npm/async/3.2.4/package/package.json not in flight; writing
764 silly cache afterAdd commander@2.15.1
765 verbose afterAdd /root/.npm/commander/2.15.1/package/package.json not in flight; writing
766 verbose get https://registry.npmjs.org/pidusage not expired, no request
767 silly addNameRange number 2 { name: 'pidusage', range: '>=3.0.0 <3.1.0', hasData: true }
768 silly addNameRange versions [ 'pidusage',
768 silly addNameRange   [ '0.0.1',
768 silly addNameRange     '0.0.2',
768 silly addNameRange     '0.0.3',
768 silly addNameRange     '0.0.4',
768 silly addNameRange     '0.0.5',
768 silly addNameRange     '0.0.6',
768 silly addNameRange     '0.0.7',
768 silly addNameRange     '0.1.0',
768 silly addNameRange     '0.1.1',
768 silly addNameRange     '1.0.0',
768 silly addNameRange     '1.0.1',
768 silly addNameRange     '1.0.2',
768 silly addNameRange     '1.0.3',
768 silly addNameRange     '1.0.4',
768 silly addNameRange     '1.0.5',
768 silly addNameRange     '1.0.6',
768 silly addNameRange     '1.0.7',
768 silly addNameRange     '1.0.8',
768 silly addNameRange     '1.1.0',
768 silly addNameRange     '1.1.1',
768 silly addNameRange     '1.1.2',
768 silly addNameRange     '1.1.3',
768 silly addNameRange     '1.1.4',
768 silly addNameRange     '1.1.5',
768 silly addNameRange     '1.1.6',
768 silly addNameRange     '1.2.0',
768 silly addNameRange     '2.0.0',
768 silly addNameRange     '2.0.1',
768 silly addNameRange     '2.0.2',
768 silly addNameRange     '2.0.3',
768 silly addNameRange     '2.0.4',
768 silly addNameRange     '2.0.5',
768 silly addNameRange     '2.0.6',
768 silly addNameRange     '2.0.7',
768 silly addNameRange     '2.0.8',
768 silly addNameRange     '2.0.9',
768 silly addNameRange     '2.0.10',
768 silly addNameRange     '2.0.11',
768 silly addNameRange     '2.0.13',
768 silly addNameRange     '2.0.12',
768 silly addNameRange     '2.0.15',
768 silly addNameRange     '2.0.16',
768 silly addNameRange     '2.0.17',
768 silly addNameRange     '2.0.18',
768 silly addNameRange     '2.0.19',
768 silly addNameRange     '2.0.20',
768 silly addNameRange     '2.0.21',
768 silly addNameRange     '3.0.0' ] ]
769 silly addNamed pidusage@3.0.0
770 verbose addNamed "3.0.0" is a plain semver version for pidusage
771 verbose get https://registry.npmjs.org/enquirer not expired, no request
772 verbose stack Error: Missing required argument #1
772 verbose stack     at andLogAndFinish (/usr/share/npm/lib/fetch-package-metadata.js:31:3)
772 verbose stack     at fetchPackageMetadata (/usr/share/npm/lib/fetch-package-metadata.js:51:22)
772 verbose stack     at resolveWithNewModule (/usr/share/npm/lib/install/deps.js:456:12)
772 verbose stack     at /usr/share/npm/lib/install/deps.js:457:7
772 verbose stack     at /usr/share/npm/node_modules/iferr/index.js:13:50
772 verbose stack     at /usr/share/npm/lib/fetch-package-metadata.js:37:12
772 verbose stack     at addRequestedAndFinish (/usr/share/npm/lib/fetch-package-metadata.js:82:5)
772 verbose stack     at returnAndAddMetadata (/usr/share/npm/lib/fetch-package-metadata.js:117:7)
772 verbose stack     at pickVersionFromRegistryDocument (/usr/share/npm/lib/fetch-package-metadata.js:134:20)
772 verbose stack     at /usr/share/npm/node_modules/iferr/index.js:13:50
773 verbose cwd /home/vagrant/Demo-nodejs/setup-files
774 error Linux 4.15.0-189-generic
775 error argv "/usr/bin/node" "/usr/bin/npm" "install" "pm2@latest" "-g"
776 error node v8.10.0
777 error npm  v3.5.2
778 error code EMISSINGARG
779 error typeerror Error: Missing required argument #1
779 error typeerror     at andLogAndFinish (/usr/share/npm/lib/fetch-package-metadata.js:31:3)
779 error typeerror     at fetchPackageMetadata (/usr/share/npm/lib/fetch-package-metadata.js:51:22)
779 error typeerror     at resolveWithNewModule (/usr/share/npm/lib/install/deps.js:456:12)
779 error typeerror     at /usr/share/npm/lib/install/deps.js:457:7
779 error typeerror     at /usr/share/npm/node_modules/iferr/index.js:13:50
779 error typeerror     at /usr/share/npm/lib/fetch-package-metadata.js:37:12
779 error typeerror     at addRequestedAndFinish (/usr/share/npm/lib/fetch-package-metadata.js:82:5)
779 error typeerror     at returnAndAddMetadata (/usr/share/npm/lib/fetch-package-metadata.js:117:7)
779 error typeerror     at pickVersionFromRegistryDocument (/usr/share/npm/lib/fetch-package-metadata.js:134:20)
779 error typeerror     at /usr/share/npm/node_modules/iferr/index.js:13:50
780 error typeerror This is an error with npm itself. Please report this error at:
780 error typeerror     <http://github.com/npm/npm/issues>
781 verbose exit [ 1, true ]
